{"/home/travis/build/npmtest/node-npmtest-fast/test.js":{"path":"/home/travis/build/npmtest/node-npmtest-fast/test.js","s":{"1":2,"2":2,"3":2,"4":2,"5":2,"6":2,"7":2,"8":1,"9":2,"10":2,"11":1,"12":1,"13":1,"14":1,"15":2,"16":2,"17":2,"18":2,"19":1,"20":1,"21":2,"22":2,"23":2,"24":1,"25":1,"26":1,"27":1,"28":1,"29":1,"30":1,"31":1,"32":1,"33":1,"34":1,"35":1,"36":1,"37":1,"38":1,"39":2,"40":2,"41":1,"42":2,"43":2,"44":1,"45":2,"46":2,"47":1,"48":2,"49":2,"50":1,"51":1,"52":1,"53":1,"54":1},"b":{"1":[2,1,1,1],"2":[1,1,1,1],"3":[1,1],"4":[1,1],"5":[1,1],"6":[1,1],"7":[1,1],"8":[1,1],"9":[1,1],"10":[1,1,1],"11":[1,1],"12":[1,1],"13":[1,1],"14":[1,1],"15":[1,1],"16":[1,1],"17":[1,1]},"f":{"1":2,"2":2,"3":2,"4":2,"5":2,"6":1,"7":1,"8":1,"9":2,"10":2,"11":2,"12":2,"13":1},"fnMap":{"1":{"name":"(anonymous_1)","line":12,"loc":{"start":{"line":12,"column":1},"end":{"line":12,"column":13}}},"2":{"name":"(anonymous_2)","line":19,"loc":{"start":{"line":19,"column":5},"end":{"line":19,"column":17}}},"3":{"name":"(anonymous_3)","line":23,"loc":{"start":{"line":23,"column":24},"end":{"line":23,"column":36}}},"4":{"name":"(anonymous_4)","line":61,"loc":{"start":{"line":61,"column":5},"end":{"line":61,"column":17}}},"5":{"name":"(anonymous_5)","line":82,"loc":{"start":{"line":82,"column":5},"end":{"line":82,"column":17}}},"6":{"name":"(anonymous_6)","line":91,"loc":{"start":{"line":91,"column":77},"end":{"line":94,"column":10}}},"7":{"name":"(anonymous_7)","line":112,"loc":{"start":{"line":112,"column":83},"end":{"line":115,"column":10}},"skip":true},"8":{"name":"(anonymous_8)","line":123,"loc":{"start":{"line":123,"column":77},"end":{"line":126,"column":10}},"skip":true},"9":{"name":"(anonymous_9)","line":139,"loc":{"start":{"line":139,"column":12},"end":{"line":139,"column":40}},"skip":true},"10":{"name":"(anonymous_10)","line":147,"loc":{"start":{"line":147,"column":77},"end":{"line":150,"column":10}},"skip":true},"11":{"name":"(anonymous_11)","line":158,"loc":{"start":{"line":158,"column":83},"end":{"line":161,"column":10}},"skip":true},"12":{"name":"(anonymous_12)","line":169,"loc":{"start":{"line":169,"column":79},"end":{"line":172,"column":10}},"skip":true},"13":{"name":"(anonymous_13)","line":180,"loc":{"start":{"line":180,"column":75},"end":{"line":183,"column":10}},"skip":true}},"statementMap":{"1":{"start":{"line":12,"column":0},"end":{"line":195,"column":5}},"2":{"start":{"line":14,"column":4},"end":{"line":14,"column":14}},"3":{"start":{"line":19,"column":4},"end":{"line":56,"column":9}},"4":{"start":{"line":21,"column":8},"end":{"line":21,"column":19}},"5":{"start":{"line":23,"column":8},"end":{"line":35,"column":13}},"6":{"start":{"line":24,"column":12},"end":{"line":34,"column":13}},"7":{"start":{"line":25,"column":16},"end":{"line":28,"column":30}},"8":{"start":{"line":30,"column":16},"end":{"line":33,"column":27}},"9":{"start":{"line":37,"column":8},"end":{"line":39,"column":21}},"10":{"start":{"line":40,"column":8},"end":{"line":53,"column":9}},"11":{"start":{"line":43,"column":12},"end":{"line":46,"column":14}},"12":{"start":{"line":47,"column":12},"end":{"line":47,"column":18}},"13":{"start":{"line":50,"column":12},"end":{"line":51,"column":46}},"14":{"start":{"line":52,"column":12},"end":{"line":52,"column":18}},"15":{"start":{"line":55,"column":8},"end":{"line":55,"column":35}},"16":{"start":{"line":61,"column":4},"end":{"line":63,"column":9}},"17":{"start":{"line":62,"column":8},"end":{"line":62,"column":15}},"18":{"start":{"line":64,"column":4},"end":{"line":77,"column":5}},"19":{"start":{"line":70,"column":8},"end":{"line":70,"column":14}},"20":{"start":{"line":76,"column":8},"end":{"line":76,"column":14}},"21":{"start":{"line":82,"column":4},"end":{"line":84,"column":9}},"22":{"start":{"line":83,"column":8},"end":{"line":83,"column":15}},"23":{"start":{"line":85,"column":4},"end":{"line":194,"column":5}},"24":{"start":{"line":91,"column":8},"end":{"line":99,"column":10}},"25":{"start":{"line":98,"column":12},"end":{"line":98,"column":35}},"26":{"start":{"line":102,"column":8},"end":{"line":104,"column":63}},"27":{"start":{"line":105,"column":8},"end":{"line":105,"column":14}},"28":{"start":{"line":112,"column":8},"end":{"line":121,"column":10},"skip":true},"29":{"start":{"line":119,"column":12},"end":{"line":119,"column":55},"skip":true},"30":{"start":{"line":120,"column":12},"end":{"line":120,"column":48},"skip":true},"31":{"start":{"line":123,"column":8},"end":{"line":136,"column":10},"skip":true},"32":{"start":{"line":130,"column":12},"end":{"line":130,"column":76},"skip":true},"33":{"start":{"line":131,"column":12},"end":{"line":131,"column":73},"skip":true},"34":{"start":{"line":132,"column":12},"end":{"line":132,"column":74},"skip":true},"35":{"start":{"line":133,"column":12},"end":{"line":133,"column":79},"skip":true},"36":{"start":{"line":134,"column":12},"end":{"line":134,"column":25},"skip":true},"37":{"start":{"line":135,"column":12},"end":{"line":135,"column":45},"skip":true},"38":{"start":{"line":138,"column":8},"end":{"line":145,"column":14},"skip":true},"39":{"start":{"line":143,"column":16},"end":{"line":143,"column":29},"skip":true},"40":{"start":{"line":144,"column":16},"end":{"line":144,"column":55},"skip":true},"41":{"start":{"line":147,"column":8},"end":{"line":156,"column":10},"skip":true},"42":{"start":{"line":154,"column":12},"end":{"line":154,"column":25},"skip":true},"43":{"start":{"line":155,"column":12},"end":{"line":155,"column":45},"skip":true},"44":{"start":{"line":158,"column":8},"end":{"line":167,"column":10},"skip":true},"45":{"start":{"line":165,"column":12},"end":{"line":165,"column":25},"skip":true},"46":{"start":{"line":166,"column":12},"end":{"line":166,"column":48},"skip":true},"47":{"start":{"line":169,"column":8},"end":{"line":178,"column":10},"skip":true},"48":{"start":{"line":176,"column":12},"end":{"line":176,"column":25},"skip":true},"49":{"start":{"line":177,"column":12},"end":{"line":177,"column":46},"skip":true},"50":{"start":{"line":180,"column":8},"end":{"line":189,"column":10},"skip":true},"51":{"start":{"line":187,"column":12},"end":{"line":187,"column":94},"skip":true},"52":{"start":{"line":188,"column":12},"end":{"line":188,"column":48},"skip":true},"53":{"start":{"line":192,"column":8},"end":{"line":192,"column":35},"skip":true},"54":{"start":{"line":193,"column":8},"end":{"line":193,"column":14},"skip":true}},"branchMap":{"1":{"line":25,"type":"binary-expr","locations":[{"start":{"line":25,"column":23},"end":{"line":25,"column":62}},{"start":{"line":26,"column":20},"end":{"line":26,"column":70}},{"start":{"line":27,"column":20},"end":{"line":27,"column":71}},{"start":{"line":28,"column":20},"end":{"line":28,"column":29}}]},"2":{"line":30,"type":"binary-expr","locations":[{"start":{"line":30,"column":23},"end":{"line":30,"column":37}},{"start":{"line":31,"column":20},"end":{"line":31,"column":61}},{"start":{"line":32,"column":20},"end":{"line":32,"column":70}},{"start":{"line":33,"column":20},"end":{"line":33,"column":26}}]},"3":{"line":37,"type":"cond-expr","locations":[{"start":{"line":38,"column":14},"end":{"line":38,"column":20}},{"start":{"line":39,"column":14},"end":{"line":39,"column":20}}]},"4":{"line":40,"type":"switch","locations":[{"start":{"line":42,"column":8},"end":{"line":47,"column":18}},{"start":{"line":49,"column":8},"end":{"line":52,"column":18}}]},"5":{"line":44,"type":"binary-expr","locations":[{"start":{"line":44,"column":16},"end":{"line":44,"column":44}},{"start":{"line":44,"column":48},"end":{"line":44,"column":66}}]},"6":{"line":50,"type":"binary-expr","locations":[{"start":{"line":50,"column":21},"end":{"line":50,"column":49}},{"start":{"line":50,"column":53},"end":{"line":50,"column":72}}]},"7":{"line":64,"type":"switch","locations":[{"start":{"line":69,"column":4},"end":{"line":70,"column":14}},{"start":{"line":75,"column":4},"end":{"line":76,"column":14}}]},"8":{"line":85,"type":"switch","locations":[{"start":{"line":90,"column":4},"end":{"line":105,"column":14}},{"start":{"line":111,"column":4},"end":{"line":193,"column":14},"skip":true}]},"9":{"line":91,"type":"binary-expr","locations":[{"start":{"line":91,"column":42},"end":{"line":91,"column":73}},{"start":{"line":91,"column":77},"end":{"line":99,"column":9}}]},"10":{"line":102,"type":"binary-expr","locations":[{"start":{"line":102,"column":18},"end":{"line":102,"column":32}},{"start":{"line":103,"column":12},"end":{"line":103,"column":53}},{"start":{"line":104,"column":12},"end":{"line":104,"column":61}}]},"11":{"line":112,"type":"binary-expr","locations":[{"start":{"line":112,"column":45},"end":{"line":112,"column":79},"skip":true},{"start":{"line":112,"column":83},"end":{"line":121,"column":9},"skip":true}]},"12":{"line":123,"type":"binary-expr","locations":[{"start":{"line":123,"column":42},"end":{"line":123,"column":73},"skip":true},{"start":{"line":123,"column":77},"end":{"line":136,"column":9},"skip":true}]},"13":{"line":138,"type":"binary-expr","locations":[{"start":{"line":138,"column":48},"end":{"line":138,"column":85},"skip":true},{"start":{"line":139,"column":12},"end":{"line":145,"column":13},"skip":true}]},"14":{"line":147,"type":"binary-expr","locations":[{"start":{"line":147,"column":42},"end":{"line":147,"column":73},"skip":true},{"start":{"line":147,"column":77},"end":{"line":156,"column":9},"skip":true}]},"15":{"line":158,"type":"binary-expr","locations":[{"start":{"line":158,"column":45},"end":{"line":158,"column":79},"skip":true},{"start":{"line":158,"column":83},"end":{"line":167,"column":9},"skip":true}]},"16":{"line":169,"type":"binary-expr","locations":[{"start":{"line":169,"column":43},"end":{"line":169,"column":75},"skip":true},{"start":{"line":169,"column":79},"end":{"line":178,"column":9},"skip":true}]},"17":{"line":180,"type":"binary-expr","locations":[{"start":{"line":180,"column":41},"end":{"line":180,"column":71},"skip":true},{"start":{"line":180,"column":75},"end":{"line":189,"column":9},"skip":true}]}},"code":["/* istanbul instrument in package npmtest_fast */","/*jslint","    bitwise: true,","    browser: true,","    maxerr: 8,","    maxlen: 96,","    node: true,","    nomen: true,","    regexp: true,","    stupid: true","*/","(function () {","    'use strict';","    var local;","","","","    // run shared js-env code - pre-init","    (function () {","        // init local","        local = {};","        // init modeJs","        local.modeJs = (function () {","            try {","                return typeof navigator.userAgent === 'string' &&","                    typeof document.querySelector('body') === 'object' &&","                    typeof XMLHttpRequest.prototype.open === 'function' &&","                    'browser';","            } catch (errorCaughtBrowser) {","                return module.exports &&","                    typeof process.versions.node === 'string' &&","                    typeof require('http').createServer === 'function' &&","                    'node';","            }","        }());","        // init global","        local.global = local.modeJs === 'browser'","            ? window","            : global;","        switch (local.modeJs) {","        // re-init local from window.local","        case 'browser':","            local = local.global.utility2.objectSetDefault(","                local.global.utility2_rollup || local.global.local,","                local.global.utility2","            );","            break;","        // re-init local from example.js","        case 'node':","            local = (local.global.utility2_rollup || require('utility2'))","                .requireExampleJsFromReadme();","            break;","        }","        // export local","        local.global.local = local;","    }());","","","","    // run shared js-env code - function","    (function () {","        return;","    }());","    switch (local.modeJs) {","","","","    // run browser js-env code - function","    case 'browser':","        break;","","","","    // run node js-env code - function","    case 'node':","        break;","    }","","","","    // run shared js-env code - post-init","    (function () {","        return;","    }());","    switch (local.modeJs) {","","","","    // run browser js-env code - post-init","    case 'browser':","        local.testCase_browser_nullCase = local.testCase_browser_nullCase || function (","            options,","            onError","        ) {","        /*","         * this function will test browsers's null-case handling-behavior-behavior","         */","            onError(null, options);","        };","","        // run tests","        local.nop(local.modeTest &&","            document.querySelector('#testRunButton1') &&","            document.querySelector('#testRunButton1').click());","        break;","","","","    // run node js-env code - post-init","    /* istanbul ignore next */","    case 'node':","        local.testCase_buildApidoc_default = local.testCase_buildApidoc_default || function (","            options,","            onError","        ) {","        /*","         * this function will test buildApidoc's default handling-behavior-behavior","         */","            options = { modulePathList: module.paths };","            local.buildApidoc(options, onError);","        };","","        local.testCase_buildApp_default = local.testCase_buildApp_default || function (","            options,","            onError","        ) {","        /*","         * this function will test buildApp's default handling-behavior-behavior","         */","            local.testCase_buildReadme_default(options, local.onErrorThrow);","            local.testCase_buildLib_default(options, local.onErrorThrow);","            local.testCase_buildTest_default(options, local.onErrorThrow);","            local.testCase_buildCustomOrg_default(options, local.onErrorThrow);","            options = [];","            local.buildApp(options, onError);","        };","","        local.testCase_buildCustomOrg_default = local.testCase_buildCustomOrg_default ||","            function (options, onError) {","            /*","             * this function will test buildCustomOrg's default handling-behavior","             */","                options = {};","                local.buildCustomOrg(options, onError);","            };","","        local.testCase_buildLib_default = local.testCase_buildLib_default || function (","            options,","            onError","        ) {","        /*","         * this function will test buildLib's default handling-behavior","         */","            options = {};","            local.buildLib(options, onError);","        };","","        local.testCase_buildReadme_default = local.testCase_buildReadme_default || function (","            options,","            onError","        ) {","        /*","         * this function will test buildReadme's default handling-behavior-behavior","         */","            options = {};","            local.buildReadme(options, onError);","        };","","        local.testCase_buildTest_default = local.testCase_buildTest_default || function (","            options,","            onError","        ) {","        /*","         * this function will test buildTest's default handling-behavior","         */","            options = {};","            local.buildTest(options, onError);","        };","","        local.testCase_webpage_default = local.testCase_webpage_default || function (","            options,","            onError","        ) {","        /*","         * this function will test webpage's default handling-behavior","         */","            options = { modeCoverageMerge: true, url: local.serverLocalHost + '?modeTest=1' };","            local.browserTest(options, onError);","        };","","        // run test-server","        local.testRunServer(local);","        break;","    }","}());",""],"l":{"12":2,"14":2,"19":2,"21":2,"23":2,"24":2,"25":2,"30":1,"37":2,"40":2,"43":1,"47":1,"50":1,"52":1,"55":2,"61":2,"62":2,"64":2,"70":1,"76":1,"82":2,"83":2,"85":2,"91":1,"98":1,"102":1,"105":1,"112":1,"119":1,"120":1,"123":1,"130":1,"131":1,"132":1,"133":1,"134":1,"135":1,"138":1,"143":2,"144":2,"147":1,"154":2,"155":2,"158":1,"165":2,"166":2,"169":1,"176":2,"177":2,"180":1,"187":1,"188":1,"192":1,"193":1}},"/home/travis/build/npmtest/node-npmtest-fast/lib.npmtest_fast.js":{"path":"/home/travis/build/npmtest/node-npmtest-fast/lib.npmtest_fast.js","s":{"1":2,"2":2,"3":2,"4":2,"5":2,"6":2,"7":2,"8":1,"9":2,"10":2,"11":2,"12":2,"13":1,"14":1,"15":1,"16":1},"b":{"1":[2,1,1,1],"2":[1,1,1,1],"3":[1,1],"4":[2,2],"5":[1,1]},"f":{"1":2,"2":2,"3":2},"fnMap":{"1":{"name":"(anonymous_1)","line":12,"loc":{"start":{"line":12,"column":1},"end":{"line":12,"column":13}}},"2":{"name":"(anonymous_2)","line":19,"loc":{"start":{"line":19,"column":5},"end":{"line":19,"column":17}}},"3":{"name":"(anonymous_3)","line":23,"loc":{"start":{"line":23,"column":24},"end":{"line":23,"column":36}}}},"statementMap":{"1":{"start":{"line":12,"column":0},"end":{"line":53,"column":5}},"2":{"start":{"line":14,"column":4},"end":{"line":14,"column":14}},"3":{"start":{"line":19,"column":4},"end":{"line":52,"column":9}},"4":{"start":{"line":21,"column":8},"end":{"line":21,"column":19}},"5":{"start":{"line":23,"column":8},"end":{"line":35,"column":13}},"6":{"start":{"line":24,"column":12},"end":{"line":34,"column":13}},"7":{"start":{"line":25,"column":16},"end":{"line":28,"column":30}},"8":{"start":{"line":30,"column":16},"end":{"line":33,"column":27}},"9":{"start":{"line":37,"column":8},"end":{"line":39,"column":21}},"10":{"start":{"line":41,"column":8},"end":{"line":41,"column":54}},"11":{"start":{"line":43,"column":8},"end":{"line":43,"column":49}},"12":{"start":{"line":45,"column":8},"end":{"line":51,"column":9}},"13":{"start":{"line":46,"column":12},"end":{"line":46,"column":55}},"14":{"start":{"line":48,"column":12},"end":{"line":48,"column":35}},"15":{"start":{"line":49,"column":12},"end":{"line":49,"column":49}},"16":{"start":{"line":50,"column":12},"end":{"line":50,"column":43}}},"branchMap":{"1":{"line":25,"type":"binary-expr","locations":[{"start":{"line":25,"column":23},"end":{"line":25,"column":62}},{"start":{"line":26,"column":20},"end":{"line":26,"column":70}},{"start":{"line":27,"column":20},"end":{"line":27,"column":71}},{"start":{"line":28,"column":20},"end":{"line":28,"column":29}}]},"2":{"line":30,"type":"binary-expr","locations":[{"start":{"line":30,"column":23},"end":{"line":30,"column":37}},{"start":{"line":31,"column":20},"end":{"line":31,"column":61}},{"start":{"line":32,"column":20},"end":{"line":32,"column":70}},{"start":{"line":33,"column":20},"end":{"line":33,"column":26}}]},"3":{"line":37,"type":"cond-expr","locations":[{"start":{"line":38,"column":14},"end":{"line":38,"column":20}},{"start":{"line":39,"column":14},"end":{"line":39,"column":20}}]},"4":{"line":41,"type":"binary-expr","locations":[{"start":{"line":41,"column":16},"end":{"line":41,"column":44}},{"start":{"line":41,"column":48},"end":{"line":41,"column":53}}]},"5":{"line":45,"type":"if","locations":[{"start":{"line":45,"column":8},"end":{"line":45,"column":8}},{"start":{"line":45,"column":8},"end":{"line":45,"column":8}}]}},"code":["/* istanbul instrument in package npmtest_fast */","/*jslint","    bitwise: true,","    browser: true,","    maxerr: 8,","    maxlen: 96,","    node: true,","    nomen: true,","    regexp: true,","    stupid: true","*/","(function () {","    'use strict';","    var local;","","","","    // run shared js-env code - pre-init","    (function () {","        // init local","        local = {};","        // init modeJs","        local.modeJs = (function () {","            try {","                return typeof navigator.userAgent === 'string' &&","                    typeof document.querySelector('body') === 'object' &&","                    typeof XMLHttpRequest.prototype.open === 'function' &&","                    'browser';","            } catch (errorCaughtBrowser) {","                return module.exports &&","                    typeof process.versions.node === 'string' &&","                    typeof require('http').createServer === 'function' &&","                    'node';","            }","        }());","        // init global","        local.global = local.modeJs === 'browser'","            ? window","            : global;","        // init utility2_rollup","        local = local.global.utility2_rollup || local;","        // init lib","        local.local = local.npmtest_fast = local;","        // init exports","        if (local.modeJs === 'browser') {","            local.global.utility2_npmtest_fast = local;","        } else {","            module.exports = local;","            module.exports.__dirname = __dirname;","            module.exports.module = module;","        }","    }());","}());",""],"l":{"12":2,"14":2,"19":2,"21":2,"23":2,"24":2,"25":2,"30":1,"37":2,"41":2,"43":2,"45":2,"46":1,"48":1,"49":1,"50":1}},"/home/travis/build/npmtest/node-npmtest-fast/example.js":{"path":"/home/travis/build/npmtest/node-npmtest-fast/example.js","s":{"1":2,"2":2,"3":2,"4":2,"5":2,"6":2,"7":2,"8":1,"9":2,"10":2,"11":2,"12":2,"13":1,"14":2,"15":2,"16":2,"17":2,"18":2,"19":0,"20":2,"21":1,"22":1,"23":1,"24":1,"25":1,"26":0,"27":0,"28":1,"29":1,"30":2,"31":0,"32":0,"33":0,"34":1,"35":2,"36":2,"37":3,"38":3,"39":3,"40":3,"41":0,"42":3,"43":3,"44":3,"45":1,"46":3,"47":1,"48":1,"49":1,"50":1,"51":1,"52":1,"53":1,"54":1,"55":1,"56":1,"57":0,"58":1,"59":6,"60":6,"61":1,"62":2,"63":0,"64":2,"65":1,"66":1,"67":0,"68":0,"69":0,"70":0,"71":0,"72":0,"73":0,"74":0,"75":0,"76":0,"77":0,"78":0,"79":0,"80":0,"81":0,"82":0,"83":0},"b":{"1":[2,1,1,1],"2":[1,1,1,1],"3":[1,1],"4":[2,2],"5":[1,1],"6":[1,1],"7":[2,0],"8":[2,1,1,1,1,1],"9":[0,2,0],"10":[1,1],"11":[2,1,1],"12":[1,0],"13":[0,2],"14":[2,0,0,0,0,0,0],"15":[0,3],"16":[3,0],"17":[1,1],"18":[0,1],"19":[1,2,0,2],"20":[1,0],"21":[1,1],"22":[0,0],"23":[0,0],"24":[0,0],"25":[0,0],"26":[0,0],"27":[0,0],"28":[0,0]},"f":{"1":2,"2":2,"3":2,"4":2,"5":2,"6":2,"7":3,"8":3,"9":3,"10":1,"11":6,"12":0},"fnMap":{"1":{"name":"(anonymous_1)","line":26,"loc":{"start":{"line":26,"column":1},"end":{"line":26,"column":13}}},"2":{"name":"(anonymous_2)","line":33,"loc":{"start":{"line":33,"column":5},"end":{"line":33,"column":17}}},"3":{"name":"(anonymous_3)","line":37,"loc":{"start":{"line":37,"column":24},"end":{"line":37,"column":36}}},"4":{"name":"(anonymous_4)","line":69,"loc":{"start":{"line":69,"column":31},"end":{"line":69,"column":48}},"skip":true},"5":{"name":"(anonymous_5)","line":78,"loc":{"start":{"line":78,"column":26},"end":{"line":78,"column":45}},"skip":true},"6":{"name":"(anonymous_6)","line":123,"loc":{"start":{"line":123,"column":33},"end":{"line":123,"column":48}},"skip":true},"7":{"name":"(anonymous_7)","line":125,"loc":{"start":{"line":125,"column":27},"end":{"line":125,"column":39}},"skip":true},"8":{"name":"(anonymous_8)","line":133,"loc":{"start":{"line":133,"column":59},"end":{"line":133,"column":74}},"skip":true},"9":{"name":"(anonymous_9)","line":143,"loc":{"start":{"line":143,"column":45},"end":{"line":143,"column":62}},"skip":true},"10":{"name":"(anonymous_10)","line":144,"loc":{"start":{"line":144,"column":73},"end":{"line":144,"column":92}},"skip":true},"11":{"name":"(anonymous_11)","line":272,"loc":{"start":{"line":272,"column":51},"end":{"line":272,"column":77}},"skip":true},"12":{"name":"(anonymous_12)","line":315,"loc":{"start":{"line":315,"column":32},"end":{"line":315,"column":61}},"skip":true}},"statementMap":{"1":{"start":{"line":26,"column":0},"end":{"line":326,"column":5}},"2":{"start":{"line":28,"column":4},"end":{"line":28,"column":14}},"3":{"start":{"line":33,"column":4},"end":{"line":60,"column":9}},"4":{"start":{"line":35,"column":8},"end":{"line":35,"column":19}},"5":{"start":{"line":37,"column":8},"end":{"line":49,"column":13}},"6":{"start":{"line":38,"column":12},"end":{"line":48,"column":13}},"7":{"start":{"line":39,"column":16},"end":{"line":42,"column":30}},"8":{"start":{"line":44,"column":16},"end":{"line":47,"column":27}},"9":{"start":{"line":51,"column":8},"end":{"line":53,"column":21}},"10":{"start":{"line":55,"column":8},"end":{"line":57,"column":45}},"11":{"start":{"line":59,"column":8},"end":{"line":59,"column":35}},"12":{"start":{"line":61,"column":4},"end":{"line":325,"column":5}},"13":{"start":{"line":69,"column":8},"end":{"line":121,"column":10},"skip":true},"14":{"start":{"line":70,"column":12},"end":{"line":88,"column":13},"skip":true},"15":{"start":{"line":76,"column":16},"end":{"line":87,"column":19},"skip":true},"16":{"start":{"line":79,"column":20},"end":{"line":86,"column":21},"skip":true},"17":{"start":{"line":82,"column":24},"end":{"line":82,"column":43},"skip":true},"18":{"start":{"line":83,"column":24},"end":{"line":83,"column":30},"skip":true},"19":{"start":{"line":85,"column":24},"end":{"line":85,"column":49},"skip":true},"20":{"start":{"line":89,"column":12},"end":{"line":107,"column":13},"skip":true},"21":{"start":{"line":92,"column":16},"end":{"line":102,"column":17},"skip":true},"22":{"start":{"line":93,"column":20},"end":{"line":93,"column":86},"skip":true},"23":{"start":{"line":94,"column":20},"end":{"line":95,"column":45},"skip":true},"24":{"start":{"line":96,"column":20},"end":{"line":96,"column":42},"skip":true},"25":{"start":{"line":97,"column":20},"end":{"line":97,"column":48},"skip":true},"26":{"start":{"line":100,"column":20},"end":{"line":100,"column":85},"skip":true},"27":{"start":{"line":101,"column":20},"end":{"line":101,"column":96},"skip":true},"28":{"start":{"line":103,"column":16},"end":{"line":103,"column":22},"skip":true},"29":{"start":{"line":106,"column":16},"end":{"line":106,"column":22},"skip":true},"30":{"start":{"line":108,"column":12},"end":{"line":120,"column":13},"skip":true},"31":{"start":{"line":114,"column":16},"end":{"line":119,"column":17},"skip":true},"32":{"start":{"line":116,"column":20},"end":{"line":116,"column":78},"skip":true},"33":{"start":{"line":118,"column":20},"end":{"line":118,"column":47},"skip":true},"34":{"start":{"line":123,"column":8},"end":{"line":141,"column":11},"skip":true},"35":{"start":{"line":124,"column":12},"end":{"line":124,"column":54},"skip":true},"36":{"start":{"line":125,"column":12},"end":{"line":140,"column":14},"skip":true},"37":{"start":{"line":126,"column":16},"end":{"line":126,"column":28},"skip":true},"38":{"start":{"line":127,"column":16},"end":{"line":127,"column":69},"skip":true},"39":{"start":{"line":128,"column":16},"end":{"line":128,"column":75},"skip":true},"40":{"start":{"line":129,"column":16},"end":{"line":131,"column":17},"skip":true},"41":{"start":{"line":130,"column":20},"end":{"line":130,"column":27},"skip":true},"42":{"start":{"line":133,"column":16},"end":{"line":137,"column":36},"skip":true},"43":{"start":{"line":134,"column":20},"end":{"line":136,"column":55},"skip":true},"44":{"start":{"line":139,"column":16},"end":{"line":139,"column":57},"skip":true},"45":{"start":{"line":143,"column":8},"end":{"line":147,"column":11},"skip":true},"46":{"start":{"line":144,"column":12},"end":{"line":146,"column":15},"skip":true},"47":{"start":{"line":145,"column":16},"end":{"line":145,"column":70},"skip":true},"48":{"start":{"line":149,"column":8},"end":{"line":149,"column":31},"skip":true},"49":{"start":{"line":150,"column":8},"end":{"line":150,"column":14},"skip":true},"50":{"start":{"line":158,"column":8},"end":{"line":158,"column":31},"skip":true},"51":{"start":{"line":160,"column":8},"end":{"line":160,"column":33},"skip":true},"52":{"start":{"line":161,"column":8},"end":{"line":161,"column":37},"skip":true},"53":{"start":{"line":162,"column":8},"end":{"line":162,"column":35},"skip":true},"54":{"start":{"line":164,"column":8},"end":{"line":164,"column":50},"skip":true},"55":{"start":{"line":166,"column":8},"end":{"line":256,"column":2},"skip":true},"56":{"start":{"line":258,"column":8},"end":{"line":286,"column":9},"skip":true},"57":{"start":{"line":259,"column":12},"end":{"line":269,"column":14},"skip":true},"58":{"start":{"line":271,"column":12},"end":{"line":285,"column":19},"skip":true},"59":{"start":{"line":274,"column":20},"end":{"line":274,"column":35},"skip":true},"60":{"start":{"line":275,"column":20},"end":{"line":284,"column":21},"skip":true},"61":{"start":{"line":277,"column":24},"end":{"line":277,"column":64},"skip":true},"62":{"start":{"line":279,"column":24},"end":{"line":279,"column":40},"skip":true},"63":{"start":{"line":281,"column":24},"end":{"line":281,"column":40},"skip":true},"64":{"start":{"line":283,"column":24},"end":{"line":283,"column":39},"skip":true},"65":{"start":{"line":288,"column":8},"end":{"line":290,"column":9},"skip":true},"66":{"start":{"line":289,"column":12},"end":{"line":289,"column":18},"skip":true},"67":{"start":{"line":291,"column":8},"end":{"line":293,"column":54},"skip":true},"68":{"start":{"line":296,"column":8},"end":{"line":301,"column":37},"skip":true},"69":{"start":{"line":303,"column":8},"end":{"line":303,"column":82},"skip":true},"70":{"start":{"line":306,"column":8},"end":{"line":308,"column":9},"skip":true},"71":{"start":{"line":307,"column":12},"end":{"line":307,"column":82},"skip":true},"72":{"start":{"line":310,"column":8},"end":{"line":312,"column":9},"skip":true},"73":{"start":{"line":311,"column":12},"end":{"line":311,"column":18},"skip":true},"74":{"start":{"line":313,"column":8},"end":{"line":313,"column":54},"skip":true},"75":{"start":{"line":314,"column":8},"end":{"line":314,"column":69},"skip":true},"76":{"start":{"line":315,"column":8},"end":{"line":323,"column":36},"skip":true},"77":{"start":{"line":316,"column":12},"end":{"line":316,"column":61},"skip":true},"78":{"start":{"line":317,"column":12},"end":{"line":320,"column":13},"skip":true},"79":{"start":{"line":318,"column":16},"end":{"line":318,"column":75},"skip":true},"80":{"start":{"line":319,"column":16},"end":{"line":319,"column":23},"skip":true},"81":{"start":{"line":321,"column":12},"end":{"line":321,"column":38},"skip":true},"82":{"start":{"line":322,"column":12},"end":{"line":322,"column":27},"skip":true},"83":{"start":{"line":324,"column":8},"end":{"line":324,"column":14},"skip":true}},"branchMap":{"1":{"line":39,"type":"binary-expr","locations":[{"start":{"line":39,"column":23},"end":{"line":39,"column":62}},{"start":{"line":40,"column":20},"end":{"line":40,"column":70}},{"start":{"line":41,"column":20},"end":{"line":41,"column":71}},{"start":{"line":42,"column":20},"end":{"line":42,"column":29}}]},"2":{"line":44,"type":"binary-expr","locations":[{"start":{"line":44,"column":23},"end":{"line":44,"column":37}},{"start":{"line":45,"column":20},"end":{"line":45,"column":61}},{"start":{"line":46,"column":20},"end":{"line":46,"column":70}},{"start":{"line":47,"column":20},"end":{"line":47,"column":26}}]},"3":{"line":51,"type":"cond-expr","locations":[{"start":{"line":52,"column":14},"end":{"line":52,"column":20}},{"start":{"line":53,"column":14},"end":{"line":53,"column":20}}]},"4":{"line":55,"type":"binary-expr","locations":[{"start":{"line":55,"column":16},"end":{"line":55,"column":44}},{"start":{"line":55,"column":49},"end":{"line":57,"column":43}}]},"5":{"line":55,"type":"cond-expr","locations":[{"start":{"line":56,"column":14},"end":{"line":56,"column":48}},{"start":{"line":57,"column":14},"end":{"line":57,"column":43}}]},"6":{"line":61,"type":"switch","locations":[{"start":{"line":68,"column":4},"end":{"line":150,"column":14},"skip":true},{"start":{"line":156,"column":4},"end":{"line":324,"column":14},"skip":true}]},"7":{"line":70,"type":"if","locations":[{"start":{"line":70,"column":12},"end":{"line":70,"column":12},"skip":true},{"start":{"line":70,"column":12},"end":{"line":70,"column":12},"skip":true}]},"8":{"line":70,"type":"binary-expr","locations":[{"start":{"line":70,"column":16},"end":{"line":70,"column":22},"skip":true},{"start":{"line":70,"column":27},"end":{"line":70,"column":32},"skip":true},{"start":{"line":71,"column":20},"end":{"line":71,"column":39},"skip":true},{"start":{"line":72,"column":20},"end":{"line":72,"column":49},"skip":true},{"start":{"line":73,"column":20},"end":{"line":73,"column":58},"skip":true},{"start":{"line":74,"column":20},"end":{"line":74,"column":69},"skip":true}]},"9":{"line":79,"type":"switch","locations":[{"start":{"line":80,"column":20},"end":{"line":80,"column":33},"skip":true},{"start":{"line":81,"column":20},"end":{"line":83,"column":30},"skip":true},{"start":{"line":84,"column":20},"end":{"line":85,"column":49},"skip":true}]},"10":{"line":89,"type":"switch","locations":[{"start":{"line":90,"column":12},"end":{"line":103,"column":22},"skip":true},{"start":{"line":105,"column":12},"end":{"line":106,"column":22},"skip":true}]},"11":{"line":89,"type":"binary-expr","locations":[{"start":{"line":89,"column":20},"end":{"line":89,"column":25},"skip":true},{"start":{"line":89,"column":29},"end":{"line":89,"column":48},"skip":true},{"start":{"line":89,"column":52},"end":{"line":89,"column":74},"skip":true}]},"12":{"line":92,"type":"if","locations":[{"start":{"line":92,"column":16},"end":{"line":92,"column":16},"skip":true},{"start":{"line":92,"column":16},"end":{"line":92,"column":16},"skip":true}]},"13":{"line":108,"type":"if","locations":[{"start":{"line":108,"column":12},"end":{"line":108,"column":12},"skip":true},{"start":{"line":108,"column":12},"end":{"line":108,"column":12},"skip":true}]},"14":{"line":108,"type":"binary-expr","locations":[{"start":{"line":108,"column":16},"end":{"line":108,"column":61},"skip":true},{"start":{"line":108,"column":66},"end":{"line":108,"column":72},"skip":true},{"start":{"line":108,"column":77},"end":{"line":108,"column":82},"skip":true},{"start":{"line":109,"column":20},"end":{"line":109,"column":39},"skip":true},{"start":{"line":110,"column":20},"end":{"line":110,"column":49},"skip":true},{"start":{"line":111,"column":20},"end":{"line":111,"column":58},"skip":true},{"start":{"line":112,"column":20},"end":{"line":112,"column":68},"skip":true}]},"15":{"line":129,"type":"if","locations":[{"start":{"line":129,"column":16},"end":{"line":129,"column":16},"skip":true},{"start":{"line":129,"column":16},"end":{"line":129,"column":16},"skip":true}]},"16":{"line":134,"type":"cond-expr","locations":[{"start":{"line":135,"column":26},"end":{"line":135,"column":29},"skip":true},{"start":{"line":136,"column":26},"end":{"line":136,"column":54},"skip":true}]},"17":{"line":164,"type":"binary-expr","locations":[{"start":{"line":164,"column":27},"end":{"line":164,"column":43},"skip":true},{"start":{"line":164,"column":47},"end":{"line":164,"column":49},"skip":true}]},"18":{"line":258,"type":"if","locations":[{"start":{"line":258,"column":8},"end":{"line":258,"column":8},"skip":true},{"start":{"line":258,"column":8},"end":{"line":258,"column":8},"skip":true}]},"19":{"line":275,"type":"switch","locations":[{"start":{"line":276,"column":20},"end":{"line":277,"column":64},"skip":true},{"start":{"line":278,"column":20},"end":{"line":279,"column":40},"skip":true},{"start":{"line":280,"column":20},"end":{"line":281,"column":40},"skip":true},{"start":{"line":282,"column":20},"end":{"line":283,"column":39},"skip":true}]},"20":{"line":288,"type":"if","locations":[{"start":{"line":288,"column":8},"end":{"line":288,"column":8},"skip":true},{"start":{"line":288,"column":8},"end":{"line":288,"column":8},"skip":true}]},"21":{"line":288,"type":"binary-expr","locations":[{"start":{"line":288,"column":12},"end":{"line":288,"column":40},"skip":true},{"start":{"line":288,"column":44},"end":{"line":288,"column":67},"skip":true}]},"22":{"line":292,"type":"binary-expr","locations":[{"start":{"line":292,"column":12},"end":{"line":292,"column":50},"skip":true},{"start":{"line":293,"column":12},"end":{"line":293,"column":53},"skip":true}]},"23":{"line":297,"type":"binary-expr","locations":[{"start":{"line":297,"column":12},"end":{"line":297,"column":62},"skip":true},{"start":{"line":298,"column":12},"end":{"line":301,"column":36},"skip":true}]},"24":{"line":303,"type":"binary-expr","locations":[{"start":{"line":303,"column":43},"end":{"line":303,"column":75},"skip":true},{"start":{"line":303,"column":79},"end":{"line":303,"column":81},"skip":true}]},"25":{"line":306,"type":"if","locations":[{"start":{"line":306,"column":8},"end":{"line":306,"column":8},"skip":true},{"start":{"line":306,"column":8},"end":{"line":306,"column":8},"skip":true}]},"26":{"line":310,"type":"if","locations":[{"start":{"line":310,"column":8},"end":{"line":310,"column":8},"skip":true},{"start":{"line":310,"column":8},"end":{"line":310,"column":8},"skip":true}]},"27":{"line":313,"type":"binary-expr","locations":[{"start":{"line":313,"column":27},"end":{"line":313,"column":43},"skip":true},{"start":{"line":313,"column":47},"end":{"line":313,"column":53},"skip":true}]},"28":{"line":317,"type":"if","locations":[{"start":{"line":317,"column":12},"end":{"line":317,"column":12},"skip":true},{"start":{"line":317,"column":12},"end":{"line":317,"column":12},"skip":true}]}},"code":["/*","example.js","","quickstart example","","instruction","    1. save this script as example.js","    2. run the shell command:","        $ npm install npmtest-fast && PORT=8081 node example.js","    3. play with the browser-demo on http://127.0.0.1:8081","*/","","","","/* istanbul instrument in package npmtest_fast */","/*jslint","    bitwise: true,","    browser: true,","    maxerr: 8,","    maxlen: 96,","    node: true,","    nomen: true,","    regexp: true,","    stupid: true","*/","(function () {","    'use strict';","    var local;","","","","    // run shared js-env code - pre-init","    (function () {","        // init local","        local = {};","        // init modeJs","        local.modeJs = (function () {","            try {","                return typeof navigator.userAgent === 'string' &&","                    typeof document.querySelector('body') === 'object' &&","                    typeof XMLHttpRequest.prototype.open === 'function' &&","                    'browser';","            } catch (errorCaughtBrowser) {","                return module.exports &&","                    typeof process.versions.node === 'string' &&","                    typeof require('http').createServer === 'function' &&","                    'node';","            }","        }());","        // init global","        local.global = local.modeJs === 'browser'","            ? window","            : global;","        // init utility2_rollup","        local = local.global.utility2_rollup || (local.modeJs === 'browser'","            ? local.global.utility2_npmtest_fast","            : global.utility2_moduleExports);","        // export local","        local.global.local = local;","    }());","    switch (local.modeJs) {","","","","    // post-init","    // run browser js-env code - post-init","    /* istanbul ignore next */","    case 'browser':","        local.testRunBrowser = function (event) {","            if (!event || (event &&","                    event.currentTarget &&","                    event.currentTarget.className &&","                    event.currentTarget.className.includes &&","                    event.currentTarget.className.includes('onreset'))) {","                // reset output","                Array.from(","                    document.querySelectorAll('body > .resettable')","                ).forEach(function (element) {","                    switch (element.tagName) {","                    case 'INPUT':","                    case 'TEXTAREA':","                        element.value = '';","                        break;","                    default:","                        element.textContent = '';","                    }","                });","            }","            switch (event && event.currentTarget && event.currentTarget.id) {","            case 'testRunButton1':","                // show tests","                if (document.querySelector('#testReportDiv1').style.display === 'none') {","                    document.querySelector('#testReportDiv1').style.display = 'block';","                    document.querySelector('#testRunButton1').textContent =","                        'hide internal test';","                    local.modeTest = true;","                    local.testRunDefault(local);","                // hide tests","                } else {","                    document.querySelector('#testReportDiv1').style.display = 'none';","                    document.querySelector('#testRunButton1').textContent = 'run internal test';","                }","                break;","            // custom-case","            default:","                break;","            }","            if (document.querySelector('#inputTextareaEval1') && (!event || (event &&","                    event.currentTarget &&","                    event.currentTarget.className &&","                    event.currentTarget.className.includes &&","                    event.currentTarget.className.includes('oneval')))) {","                // try to eval input-code","                try {","                    /*jslint evil: true*/","                    eval(document.querySelector('#inputTextareaEval1').value);","                } catch (errorCaught) {","                    console.error(errorCaught);","                }","            }","        };","        // log stderr and stdout to #outputTextareaStdout1","        ['error', 'log'].forEach(function (key) {","            console[key + '_original'] = console[key];","            console[key] = function () {","                var element;","                console[key + '_original'].apply(console, arguments);","                element = document.querySelector('#outputTextareaStdout1');","                if (!element) {","                    return;","                }","                // append text to #outputTextareaStdout1","                element.value += Array.from(arguments).map(function (arg) {","                    return typeof arg === 'string'","                        ? arg","                        : JSON.stringify(arg, null, 4);","                }).join(' ') + '\\n';","                // scroll textarea to bottom","                element.scrollTop = element.scrollHeight;","            };","        });","        // init event-handling","        ['change', 'click', 'keyup'].forEach(function (event) {","            Array.from(document.querySelectorAll('.on' + event)).forEach(function (element) {","                element.addEventListener(event, local.testRunBrowser);","            });","        });","        // run tests","        local.testRunBrowser();","        break;","","","","    // run node js-env code - post-init","    /* istanbul ignore next */","    case 'node':","        // export local","        module.exports = local;","        // require modules","        local.fs = require('fs');","        local.http = require('http');","        local.url = require('url');","        // init assets","        local.assetsDict = local.assetsDict || {};","        /* jslint-ignore-begin */","        local.assetsDict['/assets.index.template.html'] = '\\","<!doctype html>\\n\\","<html lang=\"en\">\\n\\","<head>\\n\\","<meta charset=\"UTF-8\">\\n\\","<meta name=\"viewport\" content=\"width=device-width, initial-scale=1\">\\n\\","<title>{{env.npm_package_name}} (v{{env.npm_package_version}})</title>\\n\\","<style>\\n\\","/*csslint\\n\\","    box-sizing: false,\\n\\","    universal-selector: false\\n\\","*/\\n\\","* {\\n\\","    box-sizing: border-box;\\n\\","}\\n\\","body {\\n\\","    background: #dde;\\n\\","    font-family: Arial, Helvetica, sans-serif;\\n\\","    margin: 2rem;\\n\\","}\\n\\","body > * {\\n\\","    margin-bottom: 1rem;\\n\\","}\\n\\",".utility2FooterDiv {\\n\\","    margin-top: 20px;\\n\\","    text-align: center;\\n\\","}\\n\\","</style>\\n\\","<style>\\n\\","/*csslint\\n\\","*/\\n\\","textarea {\\n\\","    font-family: monospace;\\n\\","    height: 10rem;\\n\\","    width: 100%;\\n\\","}\\n\\","textarea[readonly] {\\n\\","    background: #ddd;\\n\\","}\\n\\","</style>\\n\\","</head>\\n\\","<body>\\n\\","<!-- utility2-comment\\n\\","<div id=\"ajaxProgressDiv1\" style=\"background: #d00; height: 2px; left: 0; margin: 0; padding: 0; position: fixed; top: 0; transition: background 0.5s, width 1.5s; width: 25%;\"></div>\\n\\","utility2-comment -->\\n\\","<h1>\\n\\","<!-- utility2-comment\\n\\","    <a\\n\\","        {{#if env.npm_package_homepage}}\\n\\","        href=\"{{env.npm_package_homepage}}\"\\n\\","        {{/if env.npm_package_homepage}}\\n\\","        target=\"_blank\"\\n\\","    >\\n\\","utility2-comment -->\\n\\","        {{env.npm_package_name}} (v{{env.npm_package_version}})\\n\\","<!-- utility2-comment\\n\\","    </a>\\n\\","utility2-comment -->\\n\\","</h1>\\n\\","<h3>{{env.npm_package_description}}</h3>\\n\\","<!-- utility2-comment\\n\\","<h4><a download href=\"assets.app.js\">download standalone app</a></h4>\\n\\","<button class=\"onclick onreset\" id=\"testRunButton1\">run internal test</button><br>\\n\\","<div id=\"testReportDiv1\" style=\"display: none;\"></div>\\n\\","utility2-comment -->\\n\\","\\n\\","\\n\\","\\n\\","<label>stderr and stdout</label>\\n\\","<textarea class=\"resettable\" id=\"outputTextareaStdout1\" readonly></textarea>\\n\\","<!-- utility2-comment\\n\\","{{#if isRollup}}\\n\\","<script src=\"assets.app.js\"></script>\\n\\","{{#unless isRollup}}\\n\\","utility2-comment -->\\n\\","<script src=\"assets.utility2.rollup.js\"></script>\\n\\","<script src=\"jsonp.utility2._stateInit?callback=window.utility2._stateInit\"></script>\\n\\","<script src=\"assets.npmtest_fast.rollup.js\"></script>\\n\\","<script src=\"assets.example.js\"></script>\\n\\","<script src=\"assets.test.js\"></script>\\n\\","<!-- utility2-comment\\n\\","{{/if isRollup}}\\n\\","utility2-comment -->\\n\\","<div class=\"utility2FooterDiv\">\\n\\","    [ this app was created with\\n\\","    <a href=\"https://github.com/kaizhu256/node-utility2\" target=\"_blank\">utility2</a>\\n\\","    ]\\n\\","</div>\\n\\","</body>\\n\\","</html>\\n\\","';","        /* jslint-ignore-end */","        if (local.templateRender) {","            local.assetsDict['/'] = local.templateRender(","                local.assetsDict['/assets.index.template.html'],","                {","                    env: local.objectSetDefault(local.env, {","                        npm_package_description: 'the greatest app in the world!',","                        npm_package_name: 'my-app',","                        npm_package_nameAlias: 'my_app',","                        npm_package_version: '0.0.1'","                    })","                }","            );","        } else {","            local.assetsDict['/'] = local.assetsDict['/assets.index.template.html']","                .replace((/\\{\\{env\\.(\\w+?)\\}\\}/g), function (match0, match1) {","                    // jslint-hack","                    String(match0);","                    switch (match1) {","                    case 'npm_package_description':","                        return 'the greatest app in the world!';","                    case 'npm_package_name':","                        return 'my-app';","                    case 'npm_package_nameAlias':","                        return 'my_app';","                    case 'npm_package_version':","                        return '0.0.1';","                    }","                });","        }","        // run the cli","        if (local.global.utility2_rollup || module !== require.main) {","            break;","        }","        local.assetsDict['/assets.example.js'] =","            local.assetsDict['/assets.example.js'] ||","            local.fs.readFileSync(__filename, 'utf8');","        // bug-workaround - long $npm_package_buildCustomOrg","        /* jslint-ignore-begin */","        local.assetsDict['/assets.npmtest_fast.rollup.js'] =","            local.assetsDict['/assets.npmtest_fast.rollup.js'] ||","            local.fs.readFileSync(","                local.npmtest_fast.__dirname + '/lib.npmtest_fast.js',","                'utf8'","            ).replace((/^#!/), '//');","        /* jslint-ignore-end */","        local.assetsDict['/favicon.ico'] = local.assetsDict['/favicon.ico'] || '';","        // if $npm_config_timeout_exit exists,","        // then exit this process after $npm_config_timeout_exit ms","        if (Number(process.env.npm_config_timeout_exit)) {","            setTimeout(process.exit, Number(process.env.npm_config_timeout_exit));","        }","        // start server","        if (local.global.utility2_serverHttp1) {","            break;","        }","        process.env.PORT = process.env.PORT || '8081';","        console.error('server starting on port ' + process.env.PORT);","        local.http.createServer(function (request, response) {","            request.urlParsed = local.url.parse(request.url);","            if (local.assetsDict[request.urlParsed.pathname] !== undefined) {","                response.end(local.assetsDict[request.urlParsed.pathname]);","                return;","            }","            response.statusCode = 404;","            response.end();","        }).listen(process.env.PORT);","        break;","    }","}());",""],"l":{"26":2,"28":2,"33":2,"35":2,"37":2,"38":2,"39":2,"44":1,"51":2,"55":2,"59":2,"61":2,"69":1,"70":2,"76":2,"79":2,"82":2,"83":2,"85":1,"89":2,"92":1,"93":1,"94":1,"96":1,"97":1,"100":1,"101":1,"103":1,"106":1,"108":2,"114":1,"116":1,"118":1,"123":1,"124":2,"125":2,"126":3,"127":3,"128":3,"129":3,"130":1,"133":3,"134":3,"139":3,"143":1,"144":3,"145":1,"149":1,"150":1,"158":1,"160":1,"161":1,"162":1,"164":1,"166":1,"258":1,"259":1,"271":1,"274":6,"275":6,"277":1,"279":2,"281":1,"283":2,"288":1,"289":1,"291":1,"296":1,"303":1,"306":1,"307":1,"310":1,"311":1,"313":1,"314":1,"315":1,"316":1,"317":1,"318":1,"319":1,"321":1,"322":1,"324":1}},"/home/travis/build/npmtest/node-npmtest-fast/node_modules/fast/lib/fast.js":{"path":"/home/travis/build/npmtest/node-npmtest-fast/node_modules/fast/lib/fast.js","s":{"1":4,"2":0,"3":0,"4":0},"b":{},"f":{},"fnMap":{},"statementMap":{"1":{"start":{"line":15,"column":0},"end":{"line":15,"column":42}},"2":{"start":{"line":16,"column":0},"end":{"line":16,"column":42}},"3":{"start":{"line":18,"column":0},"end":{"line":18,"column":43}},"4":{"start":{"line":19,"column":0},"end":{"line":19,"column":43}}},"branchMap":{},"code":["/*"," * This Source Code Form is subject to the terms of the Mozilla Public"," * License, v. 2.0. If a copy of the MPL was not distributed with this"," * file, You can obtain one at http://mozilla.org/MPL/2.0/."," */","","/*"," * Copyright (c) 2016, Joyent, Inc."," */","","/*"," * lib/fast.js: public node-fast interface"," */","","var mod_client = require('./fast_client');","var mod_server = require('./fast_server');","","exports.FastClient = mod_client.FastClient;","exports.FastServer = mod_server.FastServer;",""],"l":{"15":4,"16":0,"18":0,"19":0}},"/home/travis/build/npmtest/node-npmtest-fast/node_modules/fast/lib/fast_client.js":{"path":"/home/travis/build/npmtest/node-npmtest-fast/node_modules/fast/lib/fast_client.js","s":{"1":6,"2":6,"3":6,"4":6,"5":0,"6":0,"7":0,"8":0,"9":0,"10":0,"11":0,"12":0,"13":1,"14":0,"15":0,"16":0,"17":0,"18":0,"19":0,"20":0,"21":0,"22":0,"23":0,"24":0,"25":0,"26":0,"27":0,"28":0,"29":0,"30":0,"31":0,"32":0,"33":0,"34":0,"35":0,"36":0,"37":0,"38":0,"39":0,"40":0,"41":0,"42":0,"43":0,"44":0,"45":0,"46":0,"47":0,"48":0,"49":0,"50":0,"51":0,"52":0,"53":0,"54":0,"55":0,"56":0,"57":0,"58":0,"59":0,"60":0,"61":0,"62":0,"63":0,"64":0,"65":0,"66":0,"67":0,"68":0,"69":0,"70":0,"71":0,"72":0,"73":0,"74":0,"75":0,"76":0,"77":0,"78":0,"79":0,"80":0,"81":0,"82":0,"83":0,"84":0,"85":0,"86":0,"87":0,"88":0,"89":0,"90":0,"91":0,"92":0,"93":0,"94":0,"95":0,"96":0,"97":0,"98":0,"99":0,"100":0,"101":0,"102":0,"103":0,"104":0,"105":0,"106":0,"107":0,"108":0,"109":0,"110":0,"111":0,"112":0,"113":0,"114":0,"115":0,"116":0,"117":0,"118":0,"119":0,"120":0,"121":0,"122":0,"123":0,"124":0,"125":0,"126":0,"127":0,"128":0,"129":0,"130":0,"131":0,"132":0,"133":0,"134":0,"135":0,"136":0,"137":0,"138":0,"139":0,"140":0,"141":0,"142":0,"143":0,"144":0,"145":0,"146":0,"147":0,"148":0,"149":0,"150":0,"151":0,"152":0,"153":0,"154":0,"155":0,"156":0,"157":0,"158":0,"159":0,"160":0,"161":0,"162":0,"163":0,"164":0,"165":0,"166":0,"167":0,"168":0,"169":0,"170":0,"171":0,"172":0,"173":0,"174":0,"175":0,"176":0,"177":0,"178":0,"179":0,"180":0,"181":0,"182":0,"183":0,"184":0,"185":0,"186":0,"187":0,"188":0,"189":0,"190":0,"191":0,"192":0,"193":0,"194":0,"195":0,"196":0,"197":0,"198":0,"199":0,"200":0,"201":0,"202":0,"203":0,"204":0,"205":0,"206":0,"207":0,"208":0,"209":0,"210":0,"211":0,"212":0,"213":0,"214":0,"215":0,"216":0,"217":0,"218":0,"219":0,"220":0,"221":0,"222":0,"223":0,"224":0,"225":0,"226":0,"227":0,"228":0,"229":0,"230":0,"231":0,"232":0,"233":0,"234":0,"235":0,"236":0,"237":0,"238":0,"239":0,"240":0,"241":0,"242":0,"243":0,"244":0,"245":0,"246":0,"247":0,"248":0,"249":0,"250":0,"251":0,"252":0,"253":0,"254":0,"255":0,"256":0,"257":0,"258":0,"259":0,"260":0,"261":0,"262":0,"263":0,"264":0,"265":0,"266":0,"267":0,"268":0,"269":0,"270":0,"271":0,"272":0,"273":0,"274":0,"275":0,"276":0,"277":0,"278":0,"279":0,"280":1,"281":0,"282":0,"283":0,"284":0,"285":0,"286":0,"287":0},"b":{"1":[0,0],"2":[0,0],"3":[0,0],"4":[0,0],"5":[0,0],"6":[0,0],"7":[0,0,0],"8":[0,0],"9":[0,0],"10":[0,0],"11":[0,0],"12":[0,0],"13":[0,0],"14":[0,0],"15":[0,0],"16":[0,0],"17":[0,0],"18":[0,0],"19":[0,0],"20":[0,0],"21":[0,0],"22":[0,0],"23":[0,0],"24":[0,0],"25":[0,0],"26":[0,0],"27":[0,0],"28":[0,0],"29":[0,0],"30":[0,0],"31":[0,0],"32":[0,0],"33":[0,0]},"f":{"1":0,"2":0,"3":0,"4":0,"5":0,"6":0,"7":0,"8":0,"9":0,"10":0,"11":0,"12":0,"13":0,"14":0,"15":0,"16":0,"17":0,"18":0,"19":0,"20":0,"21":0,"22":0,"23":0,"24":0,"25":0,"26":0,"27":0,"28":0,"29":0,"30":0,"31":0},"fnMap":{"1":{"name":"FastClient","line":67,"loc":{"start":{"line":67,"column":0},"end":{"line":68,"column":0}}},"2":{"name":"isReqIdAllocated","line":91,"loc":{"start":{"line":91,"column":20},"end":{"line":91,"column":50}}},"3":{"name":"(anonymous_3)","line":156,"loc":{"start":{"line":156,"column":27},"end":{"line":157,"column":0}}},"4":{"name":"(anonymous_4)","line":221,"loc":{"start":{"line":221,"column":31},"end":{"line":221,"column":43}}},"5":{"name":"onRpcTimeout","line":237,"loc":{"start":{"line":237,"column":35},"end":{"line":237,"column":59}}},"6":{"name":"(anonymous_6)","line":278,"loc":{"start":{"line":278,"column":44},"end":{"line":279,"column":0}}},"7":{"name":"(anonymous_7)","line":293,"loc":{"start":{"line":293,"column":20},"end":{"line":293,"column":33}}},"8":{"name":"(anonymous_8)","line":301,"loc":{"start":{"line":301,"column":21},"end":{"line":301,"column":36}}},"9":{"name":"(anonymous_9)","line":309,"loc":{"start":{"line":309,"column":19},"end":{"line":309,"column":31}}},"10":{"name":"(anonymous_10)","line":324,"loc":{"start":{"line":324,"column":30},"end":{"line":325,"column":0}}},"11":{"name":"(anonymous_11)","line":356,"loc":{"start":{"line":356,"column":37},"end":{"line":357,"column":0}}},"12":{"name":"(anonymous_12)","line":361,"loc":{"start":{"line":361,"column":39},"end":{"line":362,"column":0}}},"13":{"name":"(anonymous_13)","line":372,"loc":{"start":{"line":372,"column":37},"end":{"line":373,"column":0}}},"14":{"name":"(anonymous_14)","line":416,"loc":{"start":{"line":416,"column":30},"end":{"line":417,"column":0}}},"15":{"name":"onDecoderMessage","line":431,"loc":{"start":{"line":431,"column":5},"end":{"line":431,"column":40}}},"16":{"name":"onDecoderError","line":433,"loc":{"start":{"line":433,"column":5},"end":{"line":433,"column":34}}},"17":{"name":"onTransportEnd","line":444,"loc":{"start":{"line":444,"column":30},"end":{"line":444,"column":56}}},"18":{"name":"onTransportError","line":464,"loc":{"start":{"line":464,"column":27},"end":{"line":464,"column":58}}},"19":{"name":"(anonymous_19)","line":477,"loc":{"start":{"line":477,"column":38},"end":{"line":478,"column":0}}},"20":{"name":"(anonymous_20)","line":487,"loc":{"start":{"line":487,"column":34},"end":{"line":488,"column":0}}},"21":{"name":"(anonymous_21)","line":504,"loc":{"start":{"line":504,"column":41},"end":{"line":505,"column":0}}},"22":{"name":"(anonymous_22)","line":522,"loc":{"start":{"line":522,"column":38},"end":{"line":523,"column":0}}},"23":{"name":"(anonymous_23)","line":577,"loc":{"start":{"line":577,"column":35},"end":{"line":578,"column":0}}},"24":{"name":"(anonymous_24)","line":600,"loc":{"start":{"line":600,"column":14},"end":{"line":600,"column":26}}},"25":{"name":"(anonymous_25)","line":608,"loc":{"start":{"line":608,"column":39},"end":{"line":609,"column":0}}},"26":{"name":"(anonymous_26)","line":618,"loc":{"start":{"line":618,"column":30},"end":{"line":618,"column":42}}},"27":{"name":"(anonymous_27)","line":656,"loc":{"start":{"line":656,"column":33},"end":{"line":657,"column":0}}},"28":{"name":"(anonymous_28)","line":764,"loc":{"start":{"line":764,"column":39},"end":{"line":765,"column":0}}},"29":{"name":"(anonymous_29)","line":789,"loc":{"start":{"line":789,"column":32},"end":{"line":789,"column":44}}},"30":{"name":"(anonymous_30)","line":804,"loc":{"start":{"line":804,"column":40},"end":{"line":805,"column":0}}},"31":{"name":"fastClientProviderInit","line":817,"loc":{"start":{"line":817,"column":0},"end":{"line":818,"column":0}}}},"statementMap":{"1":{"start":{"line":15,"column":0},"end":{"line":15,"column":44}},"2":{"start":{"line":16,"column":0},"end":{"line":16,"column":44}},"3":{"start":{"line":17,"column":0},"end":{"line":17,"column":35}},"4":{"start":{"line":18,"column":0},"end":{"line":18,"column":41}},"5":{"start":{"line":19,"column":0},"end":{"line":19,"column":31}},"6":{"start":{"line":20,"column":0},"end":{"line":20,"column":31}},"7":{"start":{"line":22,"column":0},"end":{"line":22,"column":46}},"8":{"start":{"line":23,"column":0},"end":{"line":23,"column":58}},"9":{"start":{"line":24,"column":0},"end":{"line":24,"column":33}},"10":{"start":{"line":26,"column":0},"end":{"line":26,"column":32}},"11":{"start":{"line":31,"column":0},"end":{"line":31,"column":30}},"12":{"start":{"line":39,"column":0},"end":{"line":39,"column":17}},"13":{"start":{"line":67,"column":0},"end":{"line":116,"column":1}},"14":{"start":{"line":69,"column":1},"end":{"line":69,"column":17}},"15":{"start":{"line":71,"column":1},"end":{"line":71,"column":37}},"16":{"start":{"line":72,"column":1},"end":{"line":72,"column":45}},"17":{"start":{"line":73,"column":1},"end":{"line":73,"column":69}},"18":{"start":{"line":74,"column":1},"end":{"line":74,"column":57}},"19":{"start":{"line":76,"column":1},"end":{"line":76,"column":24}},"20":{"start":{"line":77,"column":1},"end":{"line":77,"column":36}},"21":{"start":{"line":78,"column":1},"end":{"line":78,"column":40}},"22":{"start":{"line":81,"column":1},"end":{"line":81,"column":22}},"23":{"start":{"line":82,"column":1},"end":{"line":82,"column":24}},"24":{"start":{"line":83,"column":1},"end":{"line":83,"column":26}},"25":{"start":{"line":84,"column":1},"end":{"line":84,"column":23}},"26":{"start":{"line":85,"column":1},"end":{"line":85,"column":24}},"27":{"start":{"line":86,"column":1},"end":{"line":86,"column":22}},"28":{"start":{"line":87,"column":1},"end":{"line":87,"column":21}},"29":{"start":{"line":88,"column":1},"end":{"line":95,"column":4}},"30":{"start":{"line":92,"column":2},"end":{"line":93,"column":44}},"31":{"start":{"line":98,"column":1},"end":{"line":98,"column":32}},"32":{"start":{"line":99,"column":1},"end":{"line":99,"column":60}},"33":{"start":{"line":100,"column":1},"end":{"line":100,"column":60}},"34":{"start":{"line":103,"column":1},"end":{"line":103,"column":26}},"35":{"start":{"line":104,"column":1},"end":{"line":104,"column":33}},"36":{"start":{"line":106,"column":1},"end":{"line":108,"column":2}},"37":{"start":{"line":107,"column":2},"end":{"line":107,"column":48}},"38":{"start":{"line":110,"column":1},"end":{"line":110,"column":43}},"39":{"start":{"line":111,"column":1},"end":{"line":111,"column":31}},"40":{"start":{"line":112,"column":1},"end":{"line":112,"column":34}},"41":{"start":{"line":114,"column":1},"end":{"line":114,"column":36}},"42":{"start":{"line":115,"column":1},"end":{"line":115,"column":15}},"43":{"start":{"line":118,"column":0},"end":{"line":118,"column":55}},"44":{"start":{"line":156,"column":0},"end":{"line":248,"column":2}},"45":{"start":{"line":158,"column":1},"end":{"line":158,"column":34}},"46":{"start":{"line":159,"column":1},"end":{"line":159,"column":22}},"47":{"start":{"line":160,"column":1},"end":{"line":160,"column":17}},"48":{"start":{"line":162,"column":1},"end":{"line":162,"column":37}},"49":{"start":{"line":163,"column":1},"end":{"line":163,"column":59}},"50":{"start":{"line":164,"column":1},"end":{"line":164,"column":52}},"51":{"start":{"line":165,"column":1},"end":{"line":165,"column":61}},"52":{"start":{"line":166,"column":1},"end":{"line":166,"column":53}},"53":{"start":{"line":167,"column":1},"end":{"line":168,"column":30}},"54":{"start":{"line":170,"column":1},"end":{"line":173,"column":2}},"55":{"start":{"line":171,"column":2},"end":{"line":171,"column":58}},"56":{"start":{"line":172,"column":2},"end":{"line":172,"column":27}},"57":{"start":{"line":175,"column":1},"end":{"line":175,"column":31}},"58":{"start":{"line":176,"column":1},"end":{"line":176,"column":59}},"59":{"start":{"line":177,"column":1},"end":{"line":177,"column":41}},"60":{"start":{"line":178,"column":1},"end":{"line":189,"column":4}},"61":{"start":{"line":191,"column":1},"end":{"line":191,"column":34}},"62":{"start":{"line":192,"column":1},"end":{"line":192,"column":24}},"63":{"start":{"line":194,"column":1},"end":{"line":202,"column":2}},"64":{"start":{"line":196,"column":2},"end":{"line":196,"column":65}},"65":{"start":{"line":197,"column":2},"end":{"line":197,"column":26}},"66":{"start":{"line":198,"column":2},"end":{"line":200,"column":28}},"67":{"start":{"line":201,"column":2},"end":{"line":201,"column":19}},"68":{"start":{"line":204,"column":1},"end":{"line":214,"column":3}},"69":{"start":{"line":216,"column":1},"end":{"line":219,"column":39}},"70":{"start":{"line":221,"column":1},"end":{"line":231,"column":4}},"71":{"start":{"line":222,"column":5},"end":{"line":230,"column":8}},"72":{"start":{"line":233,"column":1},"end":{"line":233,"column":48}},"73":{"start":{"line":234,"column":1},"end":{"line":234,"column":35}},"74":{"start":{"line":236,"column":1},"end":{"line":245,"column":2}},"75":{"start":{"line":237,"column":2},"end":{"line":244,"column":16}},"76":{"start":{"line":238,"column":3},"end":{"line":243,"column":53}},"77":{"start":{"line":247,"column":1},"end":{"line":247,"column":18}},"78":{"start":{"line":278,"column":0},"end":{"line":318,"column":2}},"79":{"start":{"line":280,"column":1},"end":{"line":280,"column":43}},"80":{"start":{"line":282,"column":1},"end":{"line":282,"column":37}},"81":{"start":{"line":283,"column":1},"end":{"line":283,"column":43}},"82":{"start":{"line":284,"column":1},"end":{"line":285,"column":32}},"83":{"start":{"line":286,"column":1},"end":{"line":286,"column":37}},"84":{"start":{"line":287,"column":1},"end":{"line":287,"column":35}},"85":{"start":{"line":289,"column":1},"end":{"line":289,"column":11}},"86":{"start":{"line":290,"column":1},"end":{"line":290,"column":11}},"87":{"start":{"line":291,"column":1},"end":{"line":291,"column":14}},"88":{"start":{"line":292,"column":1},"end":{"line":292,"column":26}},"89":{"start":{"line":293,"column":1},"end":{"line":299,"column":4}},"90":{"start":{"line":294,"column":2},"end":{"line":294,"column":27}},"91":{"start":{"line":295,"column":2},"end":{"line":295,"column":10}},"92":{"start":{"line":296,"column":2},"end":{"line":298,"column":3}},"93":{"start":{"line":297,"column":3},"end":{"line":297,"column":16}},"94":{"start":{"line":301,"column":1},"end":{"line":307,"column":4}},"95":{"start":{"line":302,"column":2},"end":{"line":302,"column":27}},"96":{"start":{"line":303,"column":2},"end":{"line":303,"column":14}},"97":{"start":{"line":304,"column":2},"end":{"line":304,"column":42}},"98":{"start":{"line":305,"column":2},"end":{"line":305,"column":46}},"99":{"start":{"line":306,"column":2},"end":{"line":306,"column":29}},"100":{"start":{"line":309,"column":1},"end":{"line":315,"column":4}},"101":{"start":{"line":310,"column":2},"end":{"line":310,"column":27}},"102":{"start":{"line":311,"column":2},"end":{"line":311,"column":14}},"103":{"start":{"line":312,"column":2},"end":{"line":312,"column":42}},"104":{"start":{"line":313,"column":2},"end":{"line":313,"column":46}},"105":{"start":{"line":314,"column":2},"end":{"line":314,"column":30}},"106":{"start":{"line":317,"column":1},"end":{"line":317,"column":18}},"107":{"start":{"line":324,"column":0},"end":{"line":338,"column":2}},"108":{"start":{"line":326,"column":1},"end":{"line":328,"column":2}},"109":{"start":{"line":327,"column":2},"end":{"line":327,"column":9}},"110":{"start":{"line":330,"column":1},"end":{"line":330,"column":25}},"111":{"start":{"line":331,"column":1},"end":{"line":331,"column":68}},"112":{"start":{"line":332,"column":1},"end":{"line":332,"column":46}},"113":{"start":{"line":333,"column":1},"end":{"line":333,"column":46}},"114":{"start":{"line":335,"column":1},"end":{"line":337,"column":39}},"115":{"start":{"line":356,"column":0},"end":{"line":359,"column":2}},"116":{"start":{"line":358,"column":1},"end":{"line":358,"column":42}},"117":{"start":{"line":361,"column":0},"end":{"line":370,"column":2}},"118":{"start":{"line":363,"column":1},"end":{"line":365,"column":2}},"119":{"start":{"line":364,"column":2},"end":{"line":364,"column":28}},"120":{"start":{"line":367,"column":1},"end":{"line":367,"column":43}},"121":{"start":{"line":368,"column":1},"end":{"line":369,"column":38}},"122":{"start":{"line":372,"column":0},"end":{"line":410,"column":2}},"123":{"start":{"line":374,"column":1},"end":{"line":374,"column":13}},"124":{"start":{"line":376,"column":1},"end":{"line":388,"column":2}},"125":{"start":{"line":377,"column":2},"end":{"line":377,"column":41}},"126":{"start":{"line":378,"column":2},"end":{"line":386,"column":4}},"127":{"start":{"line":387,"column":2},"end":{"line":387,"column":14}},"128":{"start":{"line":390,"column":1},"end":{"line":390,"column":43}},"129":{"start":{"line":391,"column":1},"end":{"line":391,"column":9}},"130":{"start":{"line":392,"column":1},"end":{"line":392,"column":31}},"131":{"start":{"line":393,"column":1},"end":{"line":393,"column":18}},"132":{"start":{"line":395,"column":1},"end":{"line":399,"column":2}},"133":{"start":{"line":396,"column":2},"end":{"line":396,"column":28}},"134":{"start":{"line":398,"column":2},"end":{"line":398,"column":30}},"135":{"start":{"line":401,"column":1},"end":{"line":401,"column":30}},"136":{"start":{"line":402,"column":1},"end":{"line":402,"column":37}},"137":{"start":{"line":403,"column":1},"end":{"line":403,"column":36}},"138":{"start":{"line":404,"column":1},"end":{"line":404,"column":43}},"139":{"start":{"line":405,"column":1},"end":{"line":405,"column":29}},"140":{"start":{"line":406,"column":1},"end":{"line":406,"column":37}},"141":{"start":{"line":407,"column":1},"end":{"line":407,"column":44}},"142":{"start":{"line":408,"column":1},"end":{"line":408,"column":45}},"143":{"start":{"line":409,"column":1},"end":{"line":409,"column":13}},"144":{"start":{"line":416,"column":0},"end":{"line":472,"column":2}},"145":{"start":{"line":418,"column":1},"end":{"line":418,"column":17}},"146":{"start":{"line":420,"column":1},"end":{"line":420,"column":44}},"147":{"start":{"line":421,"column":1},"end":{"line":421,"column":62}},"148":{"start":{"line":430,"column":1},"end":{"line":431,"column":70}},"149":{"start":{"line":431,"column":42},"end":{"line":431,"column":66}},"150":{"start":{"line":432,"column":1},"end":{"line":433,"column":61}},"151":{"start":{"line":433,"column":36},"end":{"line":433,"column":57}},"152":{"start":{"line":444,"column":1},"end":{"line":462,"column":4}},"153":{"start":{"line":445,"column":2},"end":{"line":445,"column":10}},"154":{"start":{"line":447,"column":2},"end":{"line":447,"column":33}},"155":{"start":{"line":456,"column":2},"end":{"line":461,"column":3}},"156":{"start":{"line":457,"column":3},"end":{"line":459,"column":44}},"157":{"start":{"line":460,"column":3},"end":{"line":460,"column":24}},"158":{"start":{"line":464,"column":1},"end":{"line":469,"column":3}},"159":{"start":{"line":465,"column":2},"end":{"line":468,"column":39}},"160":{"start":{"line":471,"column":1},"end":{"line":471,"column":56}},"161":{"start":{"line":477,"column":0},"end":{"line":480,"column":2}},"162":{"start":{"line":479,"column":1},"end":{"line":479,"column":36}},"163":{"start":{"line":487,"column":0},"end":{"line":499,"column":2}},"164":{"start":{"line":489,"column":1},"end":{"line":489,"column":23}},"165":{"start":{"line":490,"column":1},"end":{"line":490,"column":19}},"166":{"start":{"line":492,"column":1},"end":{"line":494,"column":2}},"167":{"start":{"line":493,"column":2},"end":{"line":493,"column":9}},"168":{"start":{"line":496,"column":1},"end":{"line":496,"column":21}},"169":{"start":{"line":497,"column":1},"end":{"line":497,"column":25}},"170":{"start":{"line":498,"column":1},"end":{"line":498,"column":29}},"171":{"start":{"line":504,"column":0},"end":{"line":514,"column":2}},"172":{"start":{"line":506,"column":1},"end":{"line":506,"column":11}},"173":{"start":{"line":508,"column":1},"end":{"line":513,"column":2}},"174":{"start":{"line":509,"column":2},"end":{"line":510,"column":53}},"175":{"start":{"line":511,"column":2},"end":{"line":511,"column":53}},"176":{"start":{"line":512,"column":2},"end":{"line":512,"column":60}},"177":{"start":{"line":522,"column":0},"end":{"line":572,"column":2}},"178":{"start":{"line":524,"column":1},"end":{"line":524,"column":11}},"179":{"start":{"line":526,"column":1},"end":{"line":528,"column":2}},"180":{"start":{"line":527,"column":2},"end":{"line":527,"column":9}},"181":{"start":{"line":530,"column":1},"end":{"line":530,"column":39}},"182":{"start":{"line":532,"column":1},"end":{"line":532,"column":27}},"183":{"start":{"line":533,"column":1},"end":{"line":533,"column":54}},"184":{"start":{"line":534,"column":1},"end":{"line":534,"column":30}},"185":{"start":{"line":570,"column":1},"end":{"line":570,"column":48}},"186":{"start":{"line":571,"column":1},"end":{"line":571,"column":34}},"187":{"start":{"line":577,"column":0},"end":{"line":603,"column":2}},"188":{"start":{"line":579,"column":1},"end":{"line":579,"column":47}},"189":{"start":{"line":580,"column":1},"end":{"line":580,"column":30}},"190":{"start":{"line":582,"column":1},"end":{"line":589,"column":22}},"191":{"start":{"line":591,"column":1},"end":{"line":591,"column":31}},"192":{"start":{"line":600,"column":1},"end":{"line":602,"column":4}},"193":{"start":{"line":601,"column":2},"end":{"line":601,"column":43}},"194":{"start":{"line":608,"column":0},"end":{"line":654,"column":2}},"195":{"start":{"line":610,"column":1},"end":{"line":610,"column":11}},"196":{"start":{"line":611,"column":1},"end":{"line":611,"column":17}},"197":{"start":{"line":613,"column":1},"end":{"line":616,"column":2}},"198":{"start":{"line":614,"column":2},"end":{"line":614,"column":36}},"199":{"start":{"line":615,"column":2},"end":{"line":615,"column":29}},"200":{"start":{"line":618,"column":1},"end":{"line":635,"column":4}},"201":{"start":{"line":619,"column":2},"end":{"line":619,"column":18}},"202":{"start":{"line":621,"column":2},"end":{"line":621,"column":14}},"203":{"start":{"line":622,"column":2},"end":{"line":628,"column":3}},"204":{"start":{"line":623,"column":3},"end":{"line":623,"column":41}},"205":{"start":{"line":624,"column":3},"end":{"line":627,"column":5}},"206":{"start":{"line":630,"column":2},"end":{"line":634,"column":5}},"207":{"start":{"line":637,"column":1},"end":{"line":642,"column":2}},"208":{"start":{"line":638,"column":2},"end":{"line":639,"column":29}},"209":{"start":{"line":641,"column":2},"end":{"line":641,"column":63}},"210":{"start":{"line":644,"column":1},"end":{"line":644,"column":27}},"211":{"start":{"line":645,"column":1},"end":{"line":645,"column":52}},"212":{"start":{"line":646,"column":1},"end":{"line":646,"column":54}},"213":{"start":{"line":647,"column":1},"end":{"line":647,"column":33}},"214":{"start":{"line":648,"column":1},"end":{"line":648,"column":21}},"215":{"start":{"line":650,"column":1},"end":{"line":650,"column":33}},"216":{"start":{"line":651,"column":1},"end":{"line":653,"column":2}},"217":{"start":{"line":652,"column":2},"end":{"line":652,"column":28}},"218":{"start":{"line":656,"column":0},"end":{"line":757,"column":2}},"219":{"start":{"line":658,"column":1},"end":{"line":658,"column":31}},"220":{"start":{"line":660,"column":1},"end":{"line":660,"column":48}},"221":{"start":{"line":662,"column":1},"end":{"line":663,"column":47}},"222":{"start":{"line":664,"column":1},"end":{"line":682,"column":2}},"223":{"start":{"line":665,"column":2},"end":{"line":665,"column":43}},"224":{"start":{"line":666,"column":2},"end":{"line":666,"column":44}},"225":{"start":{"line":667,"column":2},"end":{"line":667,"column":20}},"226":{"start":{"line":668,"column":8},"end":{"line":682,"column":2}},"227":{"start":{"line":669,"column":2},"end":{"line":669,"column":45}},"228":{"start":{"line":670,"column":2},"end":{"line":670,"column":43}},"229":{"start":{"line":671,"column":2},"end":{"line":671,"column":19}},"230":{"start":{"line":673,"column":2},"end":{"line":680,"column":22}},"231":{"start":{"line":681,"column":2},"end":{"line":681,"column":9}},"232":{"start":{"line":684,"column":1},"end":{"line":684,"column":47}},"233":{"start":{"line":685,"column":1},"end":{"line":685,"column":28}},"234":{"start":{"line":691,"column":1},"end":{"line":708,"column":2}},"235":{"start":{"line":692,"column":2},"end":{"line":705,"column":3}},"236":{"start":{"line":693,"column":3},"end":{"line":693,"column":58}},"237":{"start":{"line":694,"column":3},"end":{"line":694,"column":49}},"238":{"start":{"line":700,"column":3},"end":{"line":704,"column":4}},"239":{"start":{"line":701,"column":4},"end":{"line":701,"column":37}},"240":{"start":{"line":702,"column":4},"end":{"line":702,"column":34}},"241":{"start":{"line":703,"column":4},"end":{"line":703,"column":18}},"242":{"start":{"line":707,"column":2},"end":{"line":707,"column":9}},"243":{"start":{"line":713,"column":1},"end":{"line":718,"column":2}},"244":{"start":{"line":714,"column":2},"end":{"line":715,"column":55}},"245":{"start":{"line":716,"column":2},"end":{"line":716,"column":25}},"246":{"start":{"line":717,"column":2},"end":{"line":717,"column":9}},"247":{"start":{"line":727,"column":1},"end":{"line":727,"column":47}},"248":{"start":{"line":729,"column":1},"end":{"line":733,"column":2}},"249":{"start":{"line":730,"column":2},"end":{"line":730,"column":22}},"250":{"start":{"line":731,"column":2},"end":{"line":731,"column":41}},"251":{"start":{"line":732,"column":2},"end":{"line":732,"column":9}},"252":{"start":{"line":735,"column":1},"end":{"line":736,"column":52}},"253":{"start":{"line":737,"column":1},"end":{"line":740,"column":34}},"254":{"start":{"line":741,"column":1},"end":{"line":743,"column":2}},"255":{"start":{"line":742,"column":2},"end":{"line":742,"column":37}},"256":{"start":{"line":749,"column":1},"end":{"line":749,"column":40}},"257":{"start":{"line":750,"column":1},"end":{"line":750,"column":46}},"258":{"start":{"line":752,"column":1},"end":{"line":752,"column":34}},"259":{"start":{"line":753,"column":1},"end":{"line":756,"column":21}},"260":{"start":{"line":764,"column":0},"end":{"line":802,"column":2}},"261":{"start":{"line":766,"column":1},"end":{"line":766,"column":10}},"262":{"start":{"line":767,"column":1},"end":{"line":767,"column":17}},"263":{"start":{"line":769,"column":1},"end":{"line":769,"column":51}},"264":{"start":{"line":771,"column":1},"end":{"line":799,"column":2}},"265":{"start":{"line":772,"column":2},"end":{"line":772,"column":24}},"266":{"start":{"line":773,"column":2},"end":{"line":798,"column":3}},"267":{"start":{"line":774,"column":3},"end":{"line":777,"column":4}},"268":{"start":{"line":775,"column":4},"end":{"line":775,"column":32}},"269":{"start":{"line":776,"column":4},"end":{"line":776,"column":13}},"270":{"start":{"line":779,"column":3},"end":{"line":786,"column":35}},"271":{"start":{"line":787,"column":3},"end":{"line":787,"column":18}},"272":{"start":{"line":789,"column":3},"end":{"line":795,"column":6}},"273":{"start":{"line":790,"column":7},"end":{"line":794,"column":10}},"274":{"start":{"line":797,"column":3},"end":{"line":797,"column":19}},"275":{"start":{"line":801,"column":1},"end":{"line":801,"column":15}},"276":{"start":{"line":804,"column":0},"end":{"line":811,"column":2}},"277":{"start":{"line":806,"column":1},"end":{"line":806,"column":43}},"278":{"start":{"line":807,"column":1},"end":{"line":809,"column":43}},"279":{"start":{"line":810,"column":1},"end":{"line":810,"column":67}},"280":{"start":{"line":817,"column":0},"end":{"line":861,"column":1}},"281":{"start":{"line":819,"column":1},"end":{"line":819,"column":9}},"282":{"start":{"line":821,"column":1},"end":{"line":821,"column":53}},"283":{"start":{"line":837,"column":1},"end":{"line":837,"column":59}},"284":{"start":{"line":846,"column":1},"end":{"line":846,"column":48}},"285":{"start":{"line":857,"column":1},"end":{"line":857,"column":48}},"286":{"start":{"line":858,"column":1},"end":{"line":858,"column":14}},"287":{"start":{"line":860,"column":1},"end":{"line":860,"column":14}}},"branchMap":{"1":{"line":92,"type":"binary-expr","locations":[{"start":{"line":92,"column":10},"end":{"line":92,"column":44}},{"start":{"line":93,"column":6},"end":{"line":93,"column":42}}]},"2":{"line":106,"type":"if","locations":[{"start":{"line":106,"column":1},"end":{"line":106,"column":1}},{"start":{"line":106,"column":1},"end":{"line":106,"column":1}}]},"3":{"line":170,"type":"if","locations":[{"start":{"line":170,"column":1},"end":{"line":170,"column":1}},{"start":{"line":170,"column":1},"end":{"line":170,"column":1}}]},"4":{"line":177,"type":"cond-expr","locations":[{"start":{"line":177,"column":18},"end":{"line":177,"column":26}},{"start":{"line":177,"column":29},"end":{"line":177,"column":40}}]},"5":{"line":183,"type":"binary-expr","locations":[{"start":{"line":183,"column":25},"end":{"line":183,"column":46}},{"start":{"line":183,"column":50},"end":{"line":183,"column":55}}]},"6":{"line":194,"type":"if","locations":[{"start":{"line":194,"column":1},"end":{"line":194,"column":1}},{"start":{"line":194,"column":1},"end":{"line":194,"column":1}}]},"7":{"line":194,"type":"binary-expr","locations":[{"start":{"line":194,"column":5},"end":{"line":194,"column":27}},{"start":{"line":194,"column":31},"end":{"line":194,"column":47}},{"start":{"line":195,"column":5},"end":{"line":195,"column":28}}]},"8":{"line":236,"type":"if","locations":[{"start":{"line":236,"column":1},"end":{"line":236,"column":1}},{"start":{"line":236,"column":1},"end":{"line":236,"column":1}}]},"9":{"line":296,"type":"if","locations":[{"start":{"line":296,"column":2},"end":{"line":296,"column":2}},{"start":{"line":296,"column":2},"end":{"line":296,"column":2}}]},"10":{"line":326,"type":"if","locations":[{"start":{"line":326,"column":1},"end":{"line":326,"column":1}},{"start":{"line":326,"column":1},"end":{"line":326,"column":1}}]},"11":{"line":363,"type":"if","locations":[{"start":{"line":363,"column":1},"end":{"line":363,"column":1}},{"start":{"line":363,"column":1},"end":{"line":363,"column":1}}]},"12":{"line":376,"type":"if","locations":[{"start":{"line":376,"column":1},"end":{"line":376,"column":1}},{"start":{"line":376,"column":1},"end":{"line":376,"column":1}}]},"13":{"line":395,"type":"if","locations":[{"start":{"line":395,"column":1},"end":{"line":395,"column":1}},{"start":{"line":395,"column":1},"end":{"line":395,"column":1}}]},"14":{"line":4
[...]
function ctxFail(err) {","\t\treturn (request.fsr_server.requestFail(request, err));","\t};","","\tthis.fsr_context.pipe(this.fsr_encoder);","}","","","function FastRpcResponseEncoder(args)","{","\tmod_assertplus.object(args, 'args');","\tmod_assertplus.object(args.request, 'args.request');","","\tmod_stream.Transform.call(this, {","\t    'objectMode': true,","\t    'highWaterMark': 1","\t});","\tthis.fse_request = args.request;","\tthis.fse_ndropped = 0;","}","","mod_util.inherits(FastRpcResponseEncoder, mod_stream.Transform);","","FastRpcResponseEncoder.prototype._transform = function (obj, _, callback)","{","\tif (this.fse_request.fsr_state != FR_S_RUNNING) {","\t\t/*","\t\t * The RPC handler should not be writing data after calling","\t\t * fail() (and completing the request).  However, there's some","\t\t * asynchrony between when they write data and when it reaches","\t\t * our transform, so this isn't necessarily invalid.","\t\t */","\t\tthis.fse_ndropped++;","\t\tsetImmediate(callback);","\t\treturn;","\t}","","\tmod_assertplus.ok(typeof (obj) == 'object' && obj !== null,","\t    'can only send non-null objects');","\tthis.push(requestMakeMessage(this.fse_request,","\t    mod_protocol.FP_STATUS_DATA, [ obj ]));","\tsetImmediate(callback);","};","","FastRpcResponseEncoder.prototype._flush = function (callback)","{","\tif (this.fse_request.fsr_state == FR_S_RUNNING) {","\t\tthis.push(requestMakeMessage(this.fse_request,","\t\t    mod_protocol.FP_STATUS_END, null));","\t}","","\tsetImmediate(callback);","};","","/*"," * Construct a Fast RPC message that's part of a response for the given request."," */","function requestMakeMessage(request, status, data)","{","\tvar datum;","","\tmod_assertplus.ok(request instanceof FastRpcServerRequest);","\tif (status == mod_protocol.FP_STATUS_ERROR) {","\t\tmod_assertplus.ok(data instanceof Error);","","\t\t/*","\t\t * The marshaling of Errors is a little sketchy, owing partly to","\t\t * the history of Fast and partly to the sketchy definition of","\t\t * Errors in JavaScript.  The goal is to allow the client","\t\t * program to reconstitute an Error object that looks like the","\t\t * one we have here.","\t\t *","\t\t * We need to provide at least \"name\" and \"message\" to make it","\t\t * look like a JavaScript Error.  As a departure from the","\t\t * previous implementation, we do not provide the \"stack\" field.","\t\t * It's way too confusing for the client to wind up with an","\t\t * Error whose stacktrace is from a different program on a","\t\t * different system.  (The filenames and line numbers in the","\t\t * stack trace may not even exist on the client system, and","\t\t * they certainly may not refer to the same files and line","\t\t * numbers even if they do exist.)","\t\t *","\t\t * We provide \"info\" as VError.info() because this is the modern","\t\t * way to provide information properties on Errors.","\t\t *","\t\t * We provide \"context\" and \"ase_errors\" because the old Fast","\t\t * implementation did so.  \"context\" is how old Fast servers","\t\t * would specify error metadata (before VError.info() existed).","\t\t * \"ase_errors\" is a private implementation property of","\t\t * MultiError, and we never should have exposed it, but things","\t\t * potentially do depend on it.","\t\t */","\t\tdatum = {","\t\t    'name': data.name,","\t\t    'message': data.message,","\t\t    'context': data.context || {},","\t\t    'info': VError.info(data),","\t\t    'ase_errors': data.ase_errors","\t\t};","\t} else if (status == mod_protocol.FP_STATUS_END) {","\t\tmod_assertplus.ok(data === null);","\t\tdatum = [];","\t} else {","\t\tmod_assertplus.equal(status, mod_protocol.FP_STATUS_DATA);","\t\tmod_assertplus.ok(Array.isArray(data));","\t\tdatum = data;","\t}","","\treturn ({","\t    'msgid': request.fsr_msgid,","\t    'status': status,","\t    'data': {","\t\t'm': {","\t\t    'uts': mod_microtime.now(),","\t\t    'name': request.fsr_rpcmethod","\t\t},","\t\t'd': datum","\t    }","\t});","}","","","/*"," * Object-mode data sink that drops all data."," */","function NullSink()","{","\tthis.ns_nwritten = 0;","\tmod_stream.Writable.call(this, {","\t    'objectMode': true,","\t    'highWaterMark': 1","\t});","}","","mod_util.inherits(NullSink, mod_stream.Writable);","","NullSink.prototype._write = function (_1, _2, callback)","{","\tthis.ns_nwritten++;","\tsetImmediate(callback);","};","","","/*"," * Initialize the DTrace provider for the Fast server."," */","function fastServerProviderInit()","{","\tvar dtp;","","\tdtp = mod_dtrace.createDTraceProvider('fastserver');","","\t/*","\t * conn-create: connection was created","\t *","\t *     arg0    int     unique identifier for this server in this process","\t *     arg1    int     unique identifier for this client in this server","\t *     arg2    string  human-readable label for this client (usually","\t *                     a summary of the TCP connection)","\t */","\tdtp.addProbe('conn-create', 'int', 'int', 'char *');","","\t/*","\t * conn-destroy: connection was destroyed","\t *","\t *     arg0    int     see conn-create arg0.","\t *     arg1    int     see conn-create arg1.","\t */","\tdtp.addProbe('conn-destroy', 'int', 'int');","","\t/*","\t * rpc-start: server starts handling RPC request","\t *","\t *     arg0    int     see conn-create arg0.","\t *     arg1    int     see conn-create arg1.","\t *     arg2    int     unique identifier for this request in this client","\t *     arg3    string  RPC method name","\t */","\tdtp.addProbe('rpc-start', 'int', 'int', 'int', 'char *');","","\t/*","\t * rpc-done: server finishes handling RPC request","\t *","\t *     arg0    int     see conn-create arg0.","\t *     arg1    int     see conn-create arg1.","\t *     arg2    int     unique identifier for this request in this","\t *\t\t       process","\t */","\tdtp.addProbe('rpc-done', 'int', 'int', 'int');","\tdtp.enable();","\treturn (dtp);","}",""],"l":{"120":2,"121":2,"122":2,"123":2,"124":2,"125":0,"126":0,"127":0,"129":0,"130":0,"132":0,"137":0,"142":0,"149":0,"165":1,"167":0,"169":0,"170":0,"171":0,"173":0,"174":0,"175":0,"176":0,"177":0,"183":0,"184":0,"188":0,"191":0,"193":0,"194":0,"196":0,"197":0,"198":0,"199":0,"200":0,"201":0,"202":0,"204":0,"205":0,"208":0,"209":0,"210":0,"215":0,"217":0,"219":0,"220":0,"221":0,"223":0,"224":0,"225":0,"228":0,"229":0,"235":0,"237":0,"239":0,"242":0,"243":0,"244":0,"247":0,"248":0,"249":0,"250":0,"251":0,"270":0,"272":0,"273":0,"274":0,"275":0,"276":0,"277":0,"278":0,"279":0,"280":0,"281":0,"284":0,"286":0,"289":0,"291":0,"292":0,"295":0,"296":0,"297":0,"298":0,"299":0,"303":0,"306":0,"308":0,"309":0,"311":0,"312":0,"313":0,"324":0,"327":0,"328":0,"329":0,"330":0,"331":0,"332":0,"342":0,"396":0,"398":0,"399":0,"401":0,"402":0,"403":0,"404":0,"410":0,"411":0,"412":0,"413":0,"415":0,"416":0,"417":0,"419":0,"420":0,"423":0,"424":0,"432":0,"433":0,"434":0,"442":0,"444":0,"445":0,"446":0,"452":0,"453":0,"455":0,"456":0,"457":0,"466":0,"468":0,"469":0,"470":0,"471":0,"472":0,"473":0,"474":0,"480":0,"481":0,"482":0,"490":0,"492":0,"499":0,"501":0,"502":0,"504":0,"505":0,"506":0,"507":0,"508":0,"510":0,"518":0,"520":0,"522":0,"523":0,"526":0,"533":0,"535":0,"537":0,"539":0,"540":0,"541":0,"544":0,"546":0,"547":0,"548":0,"549":0,"550":0,"560":0,"562":0,"576":0,"578":0,"579":0,"580":0,"581":0,"583":0,"584":0,"586":0,"591":0,"594":0,"595":0,"598":0,"599":0,"600":0,"603":0,"604":0,"607":0,"611":0,"617":0,"620":0,"621":0,"632":0,"635":0,"636":0,"639":0,"640":0,"641":0,"648":0,"656":0,"657":0,"658":0,"664":0,"665":0,"667":0,"668":0,"669":0,"672":0,"680":0,"683":0,"684":0,"685":0,"686":0,"694":0,"698":0,"699":0,"700":0,"701":0,"707":0,"708":0,"709":0,"710":0,"711":0,"712":0,"713":0,"716":0,"750":0,"751":0,"752":0,"753":0,"759":0,"761":0,"762":0,"765":0,"766":0,"767":0,"769":0,"771":0,"778":0,"780":0,"781":0,"782":0,"783":0,"793":0,"795":0,"797":0,"798":0,"799":0,"802":0,"803":0,"804":0,"805":0,"806":0,"807":0,"809":0,"810":0,"811":0,"817":0,"819":0,"820":0,"822":0,"823":0,"825":0,"826":0,"827":0,"829":0,"830":0,"832":0,"833":0,"839":0,"840":0,"845":0,"846":0,"847":0,"848":0,"849":0,"853":0,"854":0,"888":1,"890":0,"891":0,"892":0,"894":0,"895":0,"896":0,"897":0,"898":0,"913":1,"915":0,"916":0,"917":0,"918":0,"920":0,"921":0,"922":0,"923":0,"927":0,"928":0,"929":0,"930":0,"931":0,"932":0,"933":0,"934":0,"935":0,"940":0,"941":0,"949":0,"956":0,"957":0,"958":0,"959":0,"967":1,"969":0,"970":0,"972":0,"973":0,"979":0,"981":0,"983":0,"984":0,"985":0,"986":0,"987":0,"988":0,"1000":1,"1002":0,"1003":0,"1005":0,"1007":0,"1013":0,"1015":0,"1017":0,"1018":0,"1034":1,"1036":0,"1038":0,"1039":0,"1040":0,"1041":0,"1042":0,"1049":0,"1051":0,"1052":0,"1053":0,"1054":0,"1055":0,"1057":0,"1058":0,"1059":0,"1060":0,"1061":0,"1062":0,"1063":0,"1064":0,"1065":0,"1082":0,"1086":0,"1087":0,"1089":0,"1090":0,"1092":0,"1093":0,"1095":0,"1105":0,"1107":0,"1108":0,"1111":0,"1115":1,"1117":0,"1118":0,"1120":0,"1124":0,"1125":0,"1128":0,"1130":0,"1132":0,"1139":0,"1140":0,"1141":0,"1144":0,"1146":0,"1148":0,"1151":0,"1153":0,"1154":0,"1158":0,"1164":1,"1166":0,"1168":0,"1169":0,"1170":0,"1199":0,"1206":0,"1207":0,"1208":0,"1210":0,"1211":0,"1212":0,"1215":0,"1232":1,"1234":0,"1235":0,"1241":0,"1243":0,"1245":0,"1246":0,"1253":1,"1255":0,"1257":0,"1267":0,"1275":0,"1285":0,"1295":0,"1296":0,"1297":0}},"/home/travis/build/npmtest/node-npmtest-fast/node_modules/fast/lib/subr.js":{"path":"/home/travis/build/npmtest/node-npmtest-fast/node_modules/fast/lib/subr.js","s":{"1":1,"2":1,"3":1,"4":1,"5":0,"6":0,"7":0,"8":0,"9":0,"10":0,"11":0,"12":0,"13":0,"14":0,"15":0,"16":0,"17":0,"18":0,"19":0,"20":0,"21":0,"22":0,"23":0,"24":1,"25":0,"26":0,"27":0,"28":0,"29":0,"30":0,"31":0,"32":0,"33":0,"34":0,"35":0,"36":1,"37":0,"38":0,"39":0,"40":0,"41":0,"42":0,"43":0,"44":0,"45":0,"46":0,"47":0,"48":0,"49":0},"b":{"1":[0,0],"2":[0,0,0],"3":[0,0],"4":[0,0],"5":[0,0],"6":[0,0],"7":[0,0],"8":[0,0],"9":[0,0]},"f":{"1":0,"2":0,"3":0},"fnMap":{"1":{"name":"summarizeSocketAddrs","line":26,"loc":{"start":{"line":26,"column":0},"end":{"line":27,"column":0}}},"2":{"name":"IdAllocator","line":94,"loc":{"start":{"line":94,"column":0},"end":{"line":95,"column":0}}},"3":{"name":"(anonymous_3)","line":110,"loc":{"start":{"line":110,"column":30},"end":{"line":111,"column":0}}}},"statementMap":{"1":{"start":{"line":16,"column":0},"end":{"line":16,"column":44}},"2":{"start":{"line":18,"column":0},"end":{"line":18,"column":52}},"3":{"start":{"line":19,"column":0},"end":{"line":19,"column":34}},"4":{"start":{"line":26,"column":0},"end":{"line":61,"column":1}},"5":{"start":{"line":28,"column":1},"end":{"line":28,"column":15}},"6":{"start":{"line":30,"column":1},"end":{"line":30,"column":24}},"7":{"start":{"line":32,"column":1},"end":{"line":36,"column":2}},"8":{"start":{"line":35,"column":2},"end":{"line":35,"column":62}},"9":{"start":{"line":38,"column":1},"end":{"line":38,"column":9}},"10":{"start":{"line":39,"column":1},"end":{"line":39,"column":42}},"11":{"start":{"line":40,"column":1},"end":{"line":40,"column":36}},"12":{"start":{"line":42,"column":1},"end":{"line":58,"column":2}},"13":{"start":{"line":43,"column":2},"end":{"line":43,"column":31}},"14":{"start":{"line":44,"column":2},"end":{"line":44,"column":26}},"15":{"start":{"line":46,"column":2},"end":{"line":46,"column":61}},"16":{"start":{"line":47,"column":2},"end":{"line":47,"column":37}},"17":{"start":{"line":48,"column":2},"end":{"line":48,"column":31}},"18":{"start":{"line":50,"column":2},"end":{"line":57,"column":3}},"19":{"start":{"line":51,"column":3},"end":{"line":51,"column":36}},"20":{"start":{"line":52,"column":3},"end":{"line":54,"column":4}},"21":{"start":{"line":53,"column":4},"end":{"line":53,"column":41}},"22":{"start":{"line":56,"column":3},"end":{"line":56,"column":27}},"23":{"start":{"line":60,"column":1},"end":{"line":60,"column":13}},"24":{"start":{"line":94,"column":0},"end":{"line":108,"column":1}},"25":{"start":{"line":96,"column":1},"end":{"line":96,"column":37}},"26":{"start":{"line":97,"column":1},"end":{"line":97,"column":45}},"27":{"start":{"line":98,"column":1},"end":{"line":98,"column":45}},"28":{"start":{"line":99,"column":1},"end":{"line":99,"column":59}},"29":{"start":{"line":100,"column":1},"end":{"line":100,"column":69}},"30":{"start":{"line":101,"column":1},"end":{"line":101,"column":62}},"31":{"start":{"line":102,"column":1},"end":{"line":102,"column":66}},"32":{"start":{"line":104,"column":1},"end":{"line":104,"column":25}},"33":{"start":{"line":105,"column":1},"end":{"line":105,"column":25}},"34":{"start":{"line":106,"column":1},"end":{"line":106,"column":37}},"35":{"start":{"line":107,"column":1},"end":{"line":107,"column":32}},"36":{"start":{"line":110,"column":0},"end":{"line":134,"column":2}},"37":{"start":{"line":112,"column":1},"end":{"line":112,"column":17}},"38":{"start":{"line":114,"column":1},"end":{"line":114,"column":25}},"39":{"start":{"line":115,"column":1},"end":{"line":115,"column":14}},"40":{"start":{"line":116,"column":1},"end":{"line":126,"column":2}},"41":{"start":{"line":117,"column":2},"end":{"line":117,"column":9}},"42":{"start":{"line":119,"column":2},"end":{"line":121,"column":3}},"43":{"start":{"line":120,"column":3},"end":{"line":120,"column":23}},"44":{"start":{"line":123,"column":2},"end":{"line":125,"column":3}},"45":{"start":{"line":124,"column":3},"end":{"line":124,"column":42}},"46":{"start":{"line":128,"column":1},"end":{"line":128,"column":28}},"47":{"start":{"line":129,"column":1},"end":{"line":131,"column":2}},"48":{"start":{"line":130,"column":2},"end":{"line":130,"column":33}},"49":{"start":{"line":133,"column":1},"end":{"line":133,"column":15}}},"branchMap":{"1":{"line":32,"type":"if","locations":[{"start":{"line":32,"column":1},"end":{"line":32,"column":1}},{"start":{"line":32,"column":1},"end":{"line":32,"column":1}}]},"2":{"line":32,"type":"binary-expr","locations":[{"start":{"line":32,"column":5},"end":{"line":32,"column":37}},{"start":{"line":33,"column":5},"end":{"line":33,"column":34}},{"start":{"line":34,"column":5},"end":{"line":34,"column":36}}]},"3":{"line":42,"type":"if","locations":[{"start":{"line":42,"column":1},"end":{"line":42,"column":1}},{"start":{"line":42,"column":1},"end":{"line":42,"column":1}}]},"4":{"line":46,"type":"cond-expr","locations":[{"start":{"line":46,"column":36},"end":{"line":46,"column":48}},{"start":{"line":46,"column":51},"end":{"line":46,"column":60}}]},"5":{"line":50,"type":"if","locations":[{"start":{"line":50,"column":2},"end":{"line":50,"column":2}},{"start":{"line":50,"column":2},"end":{"line":50,"column":2}}]},"6":{"line":52,"type":"if","locations":[{"start":{"line":52,"column":3},"end":{"line":52,"column":3}},{"start":{"line":52,"column":3},"end":{"line":52,"column":3}}]},"7":{"line":119,"type":"if","locations":[{"start":{"line":119,"column":2},"end":{"line":119,"column":2}},{"start":{"line":119,"column":2},"end":{"line":119,"column":2}}]},"8":{"line":123,"type":"if","locations":[{"start":{"line":123,"column":2},"end":{"line":123,"column":2}},{"start":{"line":123,"column":2},"end":{"line":123,"column":2}}]},"9":{"line":129,"type":"if","locations":[{"start":{"line":129,"column":1},"end":{"line":129,"column":1}},{"start":{"line":129,"column":1},"end":{"line":129,"column":1}}]}},"code":["/*"," * This Source Code Form is subject to the terms of the Mozilla Public"," * License, v. 2.0. If a copy of the MPL was not distributed with this"," * file, You can obtain one at http://mozilla.org/MPL/2.0/."," */","","/*"," * Copyright (c) 2016, Joyent, Inc."," */","","/*"," * lib/fast_subr.js: useful utility functions that have not yet been abstracted"," * into separate Node modules."," */","","var mod_assertplus = require('assert-plus');","","exports.summarizeSocketAddrs = summarizeSocketAddrs;","exports.IdAllocator = IdAllocator;","","/*"," * Given a Node socket, return an object summarizing it for debugging purposes."," * It's sad how complicated this is.  This is only tested for Node v0.10 and"," * v0.12."," */","function summarizeSocketAddrs(sock)","{","\tvar laddr, rv;","","\tladdr = sock.address();","","\tif (sock.remoteAddress === undefined &&","\t    sock.remotePort === undefined &&","\t    sock.remoteFamily === undefined) {","\t\treturn ({ 'socketType': 'UDS (inferred)', 'label': 'UDS' });","\t}","","\trv = {};","\trv['remoteAddress'] = sock.remoteAddress;","\trv['remotePort'] = sock.remotePort;","","\tif (laddr === null) {","\t\trv['socketType'] = 'unknown';","\t\trv['label'] = 'unknown';","\t} else {","\t\trv['socketType'] = laddr.family ? laddr.family : 'unknown';","\t\trv['localAddress'] = laddr.address;","\t\trv['localPort'] = laddr.port;","","\t\tif (sock.remoteAddress) {","\t\t\trv['label'] = sock.remoteAddress;","\t\t\tif (sock.remotePort) {","\t\t\t\trv['label'] += ':' + sock.remotePort;","\t\t\t}","\t\t} else {","\t\t\trv['label'] = 'unknown';","\t\t}","\t}","","\treturn (rv);","}","","/*"," * IdAllocator is a cheesy interface for allocating non-negative integer"," * identifiers.  This is similar to the way an OS pid allocator might work,"," * where ids are allocated in increasing order to avoid immediate reuse, but ids"," * eventually will wrap around.  It's expected that callers will use these ids"," * as strings (e.g., as object property names)."," *"," * This is a very simple implementation that we expect to be sufficient for our"," * purposes.  However, it's not very efficient.  We may want to look at"," * something like the Bonwick vmem allocator in the future."," *"," * This interface considers it a programmer error to attempt to allocate more"," * ids than are currently outstanding (i.e., to attempt to allocate when no"," * resources are available).  That will result in a thrown exception that should"," * not be caught.  If we want to make this survivable in the future, we could"," * improve this, but it's extraordinarily unlikely in the use-cases for which"," * this is intended so it's not worth special-casing at this point."," *"," * Arguments:"," *"," *     min (number)    minimum allowed id (absolute minimum: 0)"," *"," *     max (number)    maximum allowed id (absolute maximum: 2^31)"," *"," *     isAllocated     function that takes an id and returns whether or not"," *     (function)      the id is still allocated.  This is a obviously  cheesy,"," *\t\t       but given that callers are keeping track of it, we may as"," *\t\t       well just ask them rather than keep a shadow copy of the"," *\t\t       allocated ids."," *"," */","function IdAllocator(args)","{","\tmod_assertplus.object(args, 'args');","\tmod_assertplus.number(args.min, 'args.min');","\tmod_assertplus.number(args.max, 'args.max');","\tmod_assertplus.func(args.isAllocated, 'args.isAllocated');","\tmod_assertplus.ok(args.min < args.max, 'min must be less than max');","\tmod_assertplus.ok(args.min >= 0, 'min must be non-negative');","\tmod_assertplus.ok(args.max <= Math.pow(2, 31), 'max is too big');","","\tthis.ida_min = args.min;","\tthis.ida_max = args.max;","\tthis.ida_isalloc = args.isAllocated;","\tthis.ida_nextid = this.ida_min;","}","","IdAllocator.prototype.alloc = function ()","{","\tvar start, next;","","\tstart = this.ida_nextid;","\tnext = start;","\twhile (this.ida_isalloc(next)) {","\t\tnext++;","","\t\tif (next > this.ida_max) {","\t\t\tnext = this.ida_min;","\t\t}","","\t\tif (next == start) {","\t\t\tthrow (new Error('all ids allocated'));","\t\t}","\t}","","\tthis.ida_nextid = next + 1;","\tif (this.ida_nextid > this.ida_max) {","\t\tthis.ida_nextid = this.ida_min;","\t}","","\treturn (next);","};",""],"l":{"16":1,"18":1,"19":1,"26":1,"28":0,"30":0,"32":0,"35":0,"38":0,"39":0,"40":0,"42":0,"43":0,"44":0,"46":0,"47":0,"48":0,"50":0,"51":0,"52":0,"53":0,"56":0,"60":0,"94":1,"96":0,"97":0,"98":0,"99":0,"100":0,"101":0,"102":0,"104":0,"105":0,"106":0,"107":0,"110":1,"112":0,"114":0,"115":0,"116":0,"117":0,"119":0,"120":0,"123":0,"124":0,"128":0,"129":0,"130":0,"133":0}}}